{"/home/runner/work/CLIPBOARD-pro-/CLIPBOARD-pro-/App.tsx": {"path":"/home/runner/work/CLIPBOARD-pro-/CLIPBOARD-pro-/App.tsx","all":true,"statementMap":{"0":{"start":{"line":1,"column":0},"end":{"line":1,"column":51}},"1":{"start":{"line":2,"column":0},"end":{"line":2,"column":77}},"2":{"start":{"line":3,"column":0},"end":{"line":3,"column":56}},"3":{"start":{"line":4,"column":0},"end":{"line":4,"column":53}},"4":{"start":{"line":5,"column":0},"end":{"line":5,"column":49}},"5":{"start":{"line":6,"column":0},"end":{"line":6,"column":51}},"6":{"start":{"line":7,"column":0},"end":{"line":7,"column":57}},"7":{"start":{"line":8,"column":0},"end":{"line":8,"column":49}},"8":{"start":{"line":9,"column":0},"end":{"line":9,"column":49}},"9":{"start":{"line":10,"column":0},"end":{"line":10,"column":49}},"10":{"start":{"line":11,"column":0},"end":{"line":11,"column":59}},"11":{"start":{"line":12,"column":0},"end":{"line":12,"column":57}},"12":{"start":{"line":13,"column":0},"end":{"line":13,"column":67}},"13":{"start":{"line":14,"column":0},"end":{"line":14,"column":76}},"16":{"start":{"line":17,"column":0},"end":{"line":17,"column":36}},"17":{"start":{"line":18,"column":0},"end":{"line":18,"column":75}},"19":{"start":{"line":20,"column":0},"end":{"line":20,"column":69}},"22":{"start":{"line":23,"column":0},"end":{"line":23,"column":89}},"24":{"start":{"line":25,"column":0},"end":{"line":25,"column":79}},"25":{"start":{"line":26,"column":0},"end":{"line":26,"column":61}},"26":{"start":{"line":27,"column":0},"end":{"line":27,"column":52}},"27":{"start":{"line":28,"column":0},"end":{"line":28,"column":40}},"30":{"start":{"line":31,"column":0},"end":{"line":31,"column":19}},"31":{"start":{"line":32,"column":0},"end":{"line":32,"column":44}},"33":{"start":{"line":34,"column":0},"end":{"line":34,"column":86}},"34":{"start":{"line":35,"column":0},"end":{"line":35,"column":33}},"36":{"start":{"line":37,"column":0},"end":{"line":37,"column":11}},"37":{"start":{"line":38,"column":0},"end":{"line":38,"column":41}},"38":{"start":{"line":39,"column":0},"end":{"line":39,"column":58}},"39":{"start":{"line":40,"column":0},"end":{"line":40,"column":34}},"40":{"start":{"line":41,"column":0},"end":{"line":41,"column":85}},"41":{"start":{"line":42,"column":0},"end":{"line":42,"column":92}},"43":{"start":{"line":44,"column":0},"end":{"line":44,"column":52}},"44":{"start":{"line":45,"column":0},"end":{"line":45,"column":50}},"45":{"start":{"line":46,"column":0},"end":{"line":46,"column":45}},"46":{"start":{"line":47,"column":0},"end":{"line":47,"column":33}},"47":{"start":{"line":48,"column":0},"end":{"line":48,"column":44}},"48":{"start":{"line":49,"column":0},"end":{"line":49,"column":41}},"49":{"start":{"line":50,"column":0},"end":{"line":50,"column":58}},"50":{"start":{"line":51,"column":0},"end":{"line":51,"column":37}},"51":{"start":{"line":52,"column":0},"end":{"line":52,"column":35}},"52":{"start":{"line":53,"column":0},"end":{"line":53,"column":37}},"53":{"start":{"line":54,"column":0},"end":{"line":54,"column":35}},"54":{"start":{"line":55,"column":0},"end":{"line":55,"column":18}},"55":{"start":{"line":56,"column":0},"end":{"line":56,"column":12}},"56":{"start":{"line":57,"column":0},"end":{"line":57,"column":9}},"57":{"start":{"line":58,"column":0},"end":{"line":58,"column":19}},"59":{"start":{"line":60,"column":0},"end":{"line":60,"column":48}},"60":{"start":{"line":61,"column":0},"end":{"line":61,"column":7}},"61":{"start":{"line":62,"column":0},"end":{"line":62,"column":6}},"64":{"start":{"line":65,"column":0},"end":{"line":65,"column":51}},"65":{"start":{"line":66,"column":0},"end":{"line":66,"column":33}},"66":{"start":{"line":67,"column":0},"end":{"line":67,"column":9}},"69":{"start":{"line":70,"column":0},"end":{"line":70,"column":19}},"70":{"start":{"line":71,"column":0},"end":{"line":71,"column":36}},"71":{"start":{"line":72,"column":0},"end":{"line":72,"column":31}},"72":{"start":{"line":73,"column":0},"end":{"line":73,"column":13}},"73":{"start":{"line":74,"column":0},"end":{"line":74,"column":37}},"74":{"start":{"line":75,"column":0},"end":{"line":75,"column":9}},"76":{"start":{"line":77,"column":0},"end":{"line":77,"column":46}},"77":{"start":{"line":78,"column":0},"end":{"line":78,"column":54}},"78":{"start":{"line":79,"column":0},"end":{"line":79,"column":29}},"79":{"start":{"line":80,"column":0},"end":{"line":80,"column":4}},"81":{"start":{"line":82,"column":0},"end":{"line":82,"column":24}},"82":{"start":{"line":83,"column":0},"end":{"line":83,"column":36}},"83":{"start":{"line":84,"column":0},"end":{"line":84,"column":61}},"84":{"start":{"line":85,"column":0},"end":{"line":85,"column":63}},"85":{"start":{"line":86,"column":0},"end":{"line":86,"column":33}},"86":{"start":{"line":87,"column":0},"end":{"line":87,"column":14}},"87":{"start":{"line":88,"column":0},"end":{"line":88,"column":35}},"88":{"start":{"line":89,"column":0},"end":{"line":89,"column":7}},"89":{"start":{"line":90,"column":0},"end":{"line":90,"column":4}},"91":{"start":{"line":92,"column":0},"end":{"line":92,"column":51}},"92":{"start":{"line":93,"column":0},"end":{"line":93,"column":26}},"93":{"start":{"line":94,"column":0},"end":{"line":94,"column":54}},"94":{"start":{"line":95,"column":0},"end":{"line":95,"column":29}},"95":{"start":{"line":96,"column":0},"end":{"line":96,"column":4}},"97":{"start":{"line":98,"column":0},"end":{"line":98,"column":33}},"98":{"start":{"line":99,"column":0},"end":{"line":99,"column":36}},"99":{"start":{"line":100,"column":0},"end":{"line":100,"column":32}},"100":{"start":{"line":101,"column":0},"end":{"line":101,"column":18}},"101":{"start":{"line":102,"column":0},"end":{"line":102,"column":31}},"102":{"start":{"line":103,"column":0},"end":{"line":103,"column":55}},"103":{"start":{"line":104,"column":0},"end":{"line":104,"column":45}},"104":{"start":{"line":105,"column":0},"end":{"line":105,"column":56}},"105":{"start":{"line":106,"column":0},"end":{"line":106,"column":22}},"106":{"start":{"line":107,"column":0},"end":{"line":107,"column":24}},"107":{"start":{"line":108,"column":0},"end":{"line":108,"column":23}},"108":{"start":{"line":109,"column":0},"end":{"line":109,"column":6}},"109":{"start":{"line":110,"column":0},"end":{"line":110,"column":29}},"110":{"start":{"line":111,"column":0},"end":{"line":111,"column":23}},"111":{"start":{"line":112,"column":0},"end":{"line":112,"column":54}},"112":{"start":{"line":113,"column":0},"end":{"line":113,"column":29}},"113":{"start":{"line":114,"column":0},"end":{"line":114,"column":4}},"115":{"start":{"line":116,"column":0},"end":{"line":116,"column":51}},"116":{"start":{"line":117,"column":0},"end":{"line":117,"column":26}},"117":{"start":{"line":118,"column":0},"end":{"line":118,"column":24}},"118":{"start":{"line":119,"column":0},"end":{"line":119,"column":54}},"119":{"start":{"line":120,"column":0},"end":{"line":120,"column":29}},"120":{"start":{"line":121,"column":0},"end":{"line":121,"column":4}},"122":{"start":{"line":123,"column":0},"end":{"line":123,"column":44}},"123":{"start":{"line":124,"column":0},"end":{"line":124,"column":26}},"124":{"start":{"line":125,"column":0},"end":{"line":125,"column":56}},"125":{"start":{"line":126,"column":0},"end":{"line":126,"column":38}},"126":{"start":{"line":127,"column":0},"end":{"line":127,"column":4}},"128":{"start":{"line":129,"column":0},"end":{"line":129,"column":57}},"129":{"start":{"line":130,"column":0},"end":{"line":130,"column":20}},"130":{"start":{"line":131,"column":0},"end":{"line":131,"column":35}},"132":{"start":{"line":133,"column":0},"end":{"line":133,"column":24}},"133":{"start":{"line":134,"column":0},"end":{"line":134,"column":50}},"134":{"start":{"line":135,"column":0},"end":{"line":135,"column":9}},"135":{"start":{"line":136,"column":0},"end":{"line":136,"column":5}},"136":{"start":{"line":137,"column":0},"end":{"line":137,"column":14}},"137":{"start":{"line":138,"column":0},"end":{"line":138,"column":4}},"139":{"start":{"line":140,"column":0},"end":{"line":140,"column":30}},"140":{"start":{"line":141,"column":0},"end":{"line":141,"column":28}},"141":{"start":{"line":142,"column":0},"end":{"line":142,"column":45}},"142":{"start":{"line":143,"column":0},"end":{"line":143,"column":176}},"143":{"start":{"line":144,"column":0},"end":{"line":144,"column":59}},"144":{"start":{"line":145,"column":0},"end":{"line":145,"column":89}},"145":{"start":{"line":146,"column":0},"end":{"line":146,"column":87}},"146":{"start":{"line":147,"column":0},"end":{"line":147,"column":111}},"147":{"start":{"line":148,"column":0},"end":{"line":148,"column":65}},"148":{"start":{"line":149,"column":0},"end":{"line":149,"column":268}},"149":{"start":{"line":150,"column":0},"end":{"line":150,"column":286}},"150":{"start":{"line":151,"column":0},"end":{"line":151,"column":177}},"151":{"start":{"line":152,"column":0},"end":{"line":152,"column":172}},"152":{"start":{"line":153,"column":0},"end":{"line":153,"column":5}},"153":{"start":{"line":154,"column":0},"end":{"line":154,"column":4}},"155":{"start":{"line":156,"column":0},"end":{"line":156,"column":10}},"156":{"start":{"line":157,"column":0},"end":{"line":157,"column":157}},"157":{"start":{"line":158,"column":0},"end":{"line":158,"column":73}},"158":{"start":{"line":159,"column":0},"end":{"line":159,"column":26}},"159":{"start":{"line":160,"column":0},"end":{"line":160,"column":12}},"160":{"start":{"line":161,"column":0},"end":{"line":161,"column":10}},"162":{"start":{"line":163,"column":0},"end":{"line":163,"column":2}},"164":{"start":{"line":165,"column":0},"end":{"line":165,"column":29}},"165":{"start":{"line":166,"column":0},"end":{"line":166,"column":10}},"166":{"start":{"line":167,"column":0},"end":{"line":167,"column":22}},"167":{"start":{"line":168,"column":0},"end":{"line":168,"column":20}},"168":{"start":{"line":169,"column":0},"end":{"line":169,"column":22}},"169":{"start":{"line":170,"column":0},"end":{"line":170,"column":21}},"170":{"start":{"line":171,"column":0},"end":{"line":171,"column":23}},"172":{"start":{"line":173,"column":0},"end":{"line":173,"column":2}},"174":{"start":{"line":175,"column":0},"end":{"line":175,"column":19}}},"s":{"0":0,"1":0,"2":0,"3":0,"4":0,"5":0,"6":0,"7":0,"8":0,"9":0,"10":0,"11":0,"12":0,"13":0,"16":0,"17":0,"19":0,"22":0,"24":0,"25":0,"26":0,"27":0,"30":0,"31":0,"33":0,"34":0,"36":0,"37":0,"38":0,"39":0,"40":0,"41":0,"43":0,"44":0,"45":0,"46":0,"47":0,"48":0,"49":0,"50":0,"51":0,"52":0,"53":0,"54":0,"55":0,"56":0,"57":0,"59":0,"60":0,"61":0,"64":0,"65":0,"66":0,"69":0,"70":0,"71":0,"72":0,"73":0,"74":0,"76":0,"77":0,"78":0,"79":0,"81":0,"82":0,"83":0,"84":0,"85":0,"86":0,"87":0,"88":0,"89":0,"91":0,"92":0,"93":0,"94":0,"95":0,"97":0,"98":0,"99":0,"100":0,"101":0,"102":0,"103":0,"104":0,"105":0,"106":0,"107":0,"108":0,"109":0,"110":0,"111":0,"112":0,"113":0,"115":0,"116":0,"117":0,"118":0,"119":0,"120":0,"122":0,"123":0,"124":0,"125":0,"126":0,"128":0,"129":0,"130":0,"132":0,"133":0,"134":0,"135":0,"136":0,"137":0,"139":0,"140":0,"141":0,"142":0,"143":0,"144":0,"145":0,"146":0,"147":0,"148":0,"149":0,"150":0,"151":0,"152":0,"153":0,"155":0,"156":0,"157":0,"158":0,"159":0,"160":0,"162":0,"164":0,"165":0,"166":0,"167":0,"168":0,"169":0,"170":0,"172":0,"174":0},"branchMap":{"0":{"type":"branch","line":1,"loc":{"start":{"line":1,"column":0},"end":{"line":175,"column":-1624}},"locations":[{"start":{"line":1,"column":0},"end":{"line":175,"column":-1624}}]}},"b":{"0":[0]},"fnMap":{"0":{"name":"(empty-report)","decl":{"start":{"line":1,"column":0},"end":{"line":175,"column":-1624}},"loc":{"start":{"line":1,"column":0},"end":{"line":175,"column":-1624}},"line":1}},"f":{"0":0}}
,"/home/runner/work/CLIPBOARD-pro-/CLIPBOARD-pro-/index.tsx": {"path":"/home/runner/work/CLIPBOARD-pro-/CLIPBOARD-pro-/index.tsx","all":true,"statementMap":{"0":{"start":{"line":1,"column":0},"end":{"line":1,"column":26}},"1":{"start":{"line":2,"column":0},"end":{"line":2,"column":40}},"2":{"start":{"line":3,"column":0},"end":{"line":3,"column":24}},"4":{"start":{"line":5,"column":0},"end":{"line":5,"column":52}},"5":{"start":{"line":6,"column":0},"end":{"line":6,"column":19}},"6":{"start":{"line":7,"column":0},"end":{"line":7,"column":61}},"7":{"start":{"line":8,"column":0},"end":{"line":8,"column":1}},"9":{"start":{"line":10,"column":0},"end":{"line":10,"column":46}},"10":{"start":{"line":11,"column":0},"end":{"line":11,"column":12}},"11":{"start":{"line":12,"column":0},"end":{"line":12,"column":20}},"12":{"start":{"line":13,"column":0},"end":{"line":13,"column":11}},"13":{"start":{"line":14,"column":0},"end":{"line":14,"column":21}},"14":{"start":{"line":15,"column":0},"end":{"line":15,"column":2}}},"s":{"0":0,"1":0,"2":0,"4":0,"5":0,"6":0,"7":0,"9":0,"10":0,"11":0,"12":0,"13":0,"14":0},"branchMap":{"0":{"type":"branch","line":1,"loc":{"start":{"line":1,"column":349},"end":{"line":15,"column":2}},"locations":[{"start":{"line":1,"column":349},"end":{"line":15,"column":2}}]}},"b":{"0":[0]},"fnMap":{"0":{"name":"(empty-report)","decl":{"start":{"line":1,"column":349},"end":{"line":15,"column":2}},"loc":{"start":{"line":1,"column":349},"end":{"line":15,"column":2}},"line":1}},"f":{"0":0}}
,"/home/runner/work/CLIPBOARD-pro-/CLIPBOARD-pro-/types.ts": {"path":"/home/runner/work/CLIPBOARD-pro-/CLIPBOARD-pro-/types.ts","all":false,"statementMap":{"0":{"start":{"line":1,"column":0},"end":{"line":1,"column":27}},"1":{"start":{"line":2,"column":0},"end":{"line":2,"column":16}},"2":{"start":{"line":3,"column":0},"end":{"line":3,"column":20}},"3":{"start":{"line":4,"column":0},"end":{"line":4,"column":16}},"4":{"start":{"line":5,"column":0},"end":{"line":5,"column":18}},"5":{"start":{"line":6,"column":0},"end":{"line":6,"column":23}}},"s":{"0":1,"1":1,"2":1,"3":1,"4":1,"5":1},"branchMap":{"0":{"type":"branch","line":1,"loc":{"start":{"line":1,"column":7},"end":{"line":1,"column":27}},"locations":[{"start":{"line":1,"column":7},"end":{"line":1,"column":27}}]}},"b":{"0":[44]},"fnMap":{},"f":{}}
,"/home/runner/work/CLIPBOARD-pro-/CLIPBOARD-pro-/data/repository/ClipboardRepository.test.ts": {"path":"/home/runner/work/CLIPBOARD-pro-/CLIPBOARD-pro-/data/repository/ClipboardRepository.test.ts","all":false,"statementMap":{"0":{"start":{"line":1,"column":0},"end":{"line":1,"column":62}},"2":{"start":{"line":3,"column":0},"end":{"line":3,"column":59}},"3":{"start":{"line":4,"column":0},"end":{"line":4,"column":62}},"6":{"start":{"line":7,"column":0},"end":{"line":7,"column":36}},"8":{"start":{"line":9,"column":0},"end":{"line":9,"column":39}},"9":{"start":{"line":10,"column":0},"end":{"line":10,"column":20}},"11":{"start":{"line":12,"column":0},"end":{"line":12,"column":25}},"14":{"start":{"line":15,"column":0},"end":{"line":15,"column":22}},"15":{"start":{"line":16,"column":0},"end":{"line":16,"column":5}},"17":{"start":{"line":18,"column":0},"end":{"line":18,"column":46}},"18":{"start":{"line":19,"column":0},"end":{"line":19,"column":71}},"19":{"start":{"line":20,"column":0},"end":{"line":20,"column":41}},"20":{"start":{"line":21,"column":0},"end":{"line":21,"column":9}},"21":{"start":{"line":22,"column":0},"end":{"line":22,"column":23}},"22":{"start":{"line":23,"column":0},"end":{"line":23,"column":34}},"23":{"start":{"line":24,"column":0},"end":{"line":24,"column":35}},"24":{"start":{"line":25,"column":0},"end":{"line":25,"column":32}},"25":{"start":{"line":26,"column":0},"end":{"line":26,"column":46}},"26":{"start":{"line":27,"column":0},"end":{"line":27,"column":26}},"27":{"start":{"line":28,"column":0},"end":{"line":28,"column":26}},"28":{"start":{"line":29,"column":0},"end":{"line":29,"column":28}},"29":{"start":{"line":30,"column":0},"end":{"line":30,"column":26}},"30":{"start":{"line":31,"column":0},"end":{"line":31,"column":9}},"31":{"start":{"line":32,"column":0},"end":{"line":32,"column":8}},"33":{"start":{"line":34,"column":0},"end":{"line":34,"column":75}},"36":{"start":{"line":37,"column":0},"end":{"line":37,"column":76}},"37":{"start":{"line":38,"column":0},"end":{"line":38,"column":45}},"38":{"start":{"line":39,"column":0},"end":{"line":39,"column":45}},"40":{"start":{"line":41,"column":0},"end":{"line":41,"column":36}},"41":{"start":{"line":42,"column":0},"end":{"line":42,"column":41}},"42":{"start":{"line":43,"column":0},"end":{"line":43,"column":52}},"43":{"start":{"line":44,"column":0},"end":{"line":44,"column":7}},"45":{"start":{"line":46,"column":0},"end":{"line":46,"column":96}},"46":{"start":{"line":47,"column":0},"end":{"line":47,"column":76}},"47":{"start":{"line":48,"column":0},"end":{"line":48,"column":45}},"48":{"start":{"line":49,"column":0},"end":{"line":49,"column":45}},"51":{"start":{"line":52,"column":0},"end":{"line":52,"column":91}},"52":{"start":{"line":53,"column":0},"end":{"line":53,"column":62}},"53":{"start":{"line":54,"column":0},"end":{"line":54,"column":7}},"55":{"start":{"line":56,"column":0},"end":{"line":56,"column":76}},"56":{"start":{"line":57,"column":0},"end":{"line":57,"column":69}},"58":{"start":{"line":59,"column":0},"end":{"line":59,"column":76}},"59":{"start":{"line":60,"column":0},"end":{"line":60,"column":45}},"60":{"start":{"line":61,"column":0},"end":{"line":61,"column":45}},"63":{"start":{"line":64,"column":0},"end":{"line":64,"column":91}},"64":{"start":{"line":65,"column":0},"end":{"line":65,"column":62}},"65":{"start":{"line":66,"column":0},"end":{"line":66,"column":7}},"66":{"start":{"line":67,"column":0},"end":{"line":67,"column":5}},"68":{"start":{"line":69,"column":0},"end":{"line":69,"column":37}},"69":{"start":{"line":70,"column":0},"end":{"line":70,"column":28}},"70":{"start":{"line":71,"column":0},"end":{"line":71,"column":76}},"71":{"start":{"line":72,"column":0},"end":{"line":72,"column":45}},"72":{"start":{"line":73,"column":0},"end":{"line":73,"column":7}},"74":{"start":{"line":75,"column":0},"end":{"line":75,"column":53}},"75":{"start":{"line":76,"column":0},"end":{"line":76,"column":38}},"76":{"start":{"line":77,"column":0},"end":{"line":77,"column":20}},"77":{"start":{"line":78,"column":0},"end":{"line":78,"column":36}},"78":{"start":{"line":79,"column":0},"end":{"line":79,"column":33}},"79":{"start":{"line":80,"column":0},"end":{"line":80,"column":30}},"80":{"start":{"line":81,"column":0},"end":{"line":81,"column":44}},"81":{"start":{"line":82,"column":0},"end":{"line":82,"column":23}},"82":{"start":{"line":83,"column":0},"end":{"line":83,"column":24}},"83":{"start":{"line":84,"column":0},"end":{"line":84,"column":26}},"84":{"start":{"line":85,"column":0},"end":{"line":85,"column":24}},"85":{"start":{"line":86,"column":0},"end":{"line":86,"column":8}},"87":{"start":{"line":88,"column":0},"end":{"line":88,"column":40}},"88":{"start":{"line":89,"column":0},"end":{"line":89,"column":51}},"91":{"start":{"line":92,"column":0},"end":{"line":92,"column":58}},"92":{"start":{"line":93,"column":0},"end":{"line":93,"column":38}},"93":{"start":{"line":94,"column":0},"end":{"line":94,"column":58}},"94":{"start":{"line":95,"column":0},"end":{"line":95,"column":7}},"96":{"start":{"line":97,"column":0},"end":{"line":97,"column":51}},"97":{"start":{"line":98,"column":0},"end":{"line":98,"column":51}},"98":{"start":{"line":99,"column":0},"end":{"line":99,"column":38}},"100":{"start":{"line":101,"column":0},"end":{"line":101,"column":49}},"101":{"start":{"line":102,"column":0},"end":{"line":102,"column":35}},"102":{"start":{"line":103,"column":0},"end":{"line":103,"column":25}},"103":{"start":{"line":104,"column":0},"end":{"line":104,"column":9}},"105":{"start":{"line":106,"column":0},"end":{"line":106,"column":58}},"106":{"start":{"line":107,"column":0},"end":{"line":107,"column":71}},"108":{"start":{"line":109,"column":0},"end":{"line":109,"column":59}},"109":{"start":{"line":110,"column":0},"end":{"line":110,"column":49}},"110":{"start":{"line":111,"column":0},"end":{"line":111,"column":7}},"112":{"start":{"line":113,"column":0},"end":{"line":113,"column":47}},"113":{"start":{"line":114,"column":0},"end":{"line":114,"column":51}},"114":{"start":{"line":115,"column":0},"end":{"line":115,"column":38}},"115":{"start":{"line":116,"column":0},"end":{"line":116,"column":40}},"117":{"start":{"line":118,"column":0},"end":{"line":118,"column":47}},"119":{"start":{"line":120,"column":0},"end":{"line":120,"column":60}},"120":{"start":{"line":121,"column":0},"end":{"line":121,"column":59}},"122":{"start":{"line":123,"column":0},"end":{"line":123,"column":58}},"123":{"start":{"line":124,"column":0},"end":{"line":124,"column":68}},"124":{"start":{"line":125,"column":0},"end":{"line":125,"column":7}},"126":{"start":{"line":127,"column":0},"end":{"line":127,"column":54}},"127":{"start":{"line":128,"column":0},"end":{"line":128,"column":51}},"128":{"start":{"line":129,"column":0},"end":{"line":129,"column":38}},"130":{"start":{"line":131,"column":0},"end":{"line":131,"column":50}},"132":{"start":{"line":133,"column":0},"end":{"line":133,"column":54}},"133":{"start":{"line":134,"column":0},"end":{"line":134,"column":58}},"135":{"start":{"line":136,"column":0},"end":{"line":136,"column":67}},"136":{"start":{"line":137,"column":0},"end":{"line":137,"column":69}},"137":{"start":{"line":138,"column":0},"end":{"line":138,"column":7}},"139":{"start":{"line":140,"column":0},"end":{"line":140,"column":51}},"140":{"start":{"line":141,"column":0},"end":{"line":141,"column":51}},"141":{"start":{"line":142,"column":0},"end":{"line":142,"column":38}},"143":{"start":{"line":144,"column":0},"end":{"line":144,"column":47}},"144":{"start":{"line":145,"column":0},"end":{"line":145,"column":48}},"146":{"start":{"line":147,"column":0},"end":{"line":147,"column":54}},"147":{"start":{"line":148,"column":0},"end":{"line":148,"column":58}},"149":{"start":{"line":150,"column":0},"end":{"line":150,"column":66}},"150":{"start":{"line":151,"column":0},"end":{"line":151,"column":69}},"151":{"start":{"line":152,"column":0},"end":{"line":152,"column":7}},"152":{"start":{"line":153,"column":0},"end":{"line":153,"column":5}},"154":{"start":{"line":155,"column":0},"end":{"line":155,"column":42}},"155":{"start":{"line":156,"column":0},"end":{"line":156,"column":28}},"156":{"start":{"line":157,"column":0},"end":{"line":157,"column":76}},"157":{"start":{"line":158,"column":0},"end":{"line":158,"column":45}},"158":{"start":{"line":159,"column":0},"end":{"line":159,"column":7}},"160":{"start":{"line":161,"column":0},"end":{"line":161,"column":56}},"161":{"start":{"line":162,"column":0},"end":{"line":162,"column":51}},"163":{"start":{"line":164,"column":0},"end":{"line":164,"column":56}},"164":{"start":{"line":165,"column":0},"end":{"line":165,"column":7}},"166":{"start":{"line":167,"column":0},"end":{"line":167,"column":62}},"167":{"start":{"line":168,"column":0},"end":{"line":168,"column":51}},"168":{"start":{"line":169,"column":0},"end":{"line":169,"column":29}},"169":{"start":{"line":170,"column":0},"end":{"line":170,"column":49}},"170":{"start":{"line":171,"column":0},"end":{"line":171,"column":7}},"172":{"start":{"line":173,"column":0},"end":{"line":173,"column":58}},"173":{"start":{"line":174,"column":0},"end":{"line":174,"column":69}},"174":{"start":{"line":175,"column":0},"end":{"line":175,"column":7}},"176":{"start":{"line":177,"column":0},"end":{"line":177,"column":54}},"177":{"start":{"line":178,"column":0},"end":{"line":178,"column":51}},"178":{"start":{"line":179,"column":0},"end":{"line":179,"column":64}},"180":{"start":{"line":181,"column":0},"end":{"line":181,"column":73}},"181":{"start":{"line":182,"column":0},"end":{"line":182,"column":64}},"182":{"start":{"line":183,"column":0},"end":{"line":183,"column":7}},"184":{"start":{"line":185,"column":0},"end":{"line":185,"column":50}},"185":{"start":{"line":186,"column":0},"end":{"line":186,"column":64}},"187":{"start":{"line":188,"column":0},"end":{"line":188,"column":72}},"188":{"start":{"line":189,"column":0},"end":{"line":189,"column":60}},"189":{"start":{"line":190,"column":0},"end":{"line":190,"column":7}},"190":{"start":{"line":191,"column":0},"end":{"line":191,"column":5}},"192":{"start":{"line":193,"column":0},"end":{"line":193,"column":40}},"193":{"start":{"line":194,"column":0},"end":{"line":194,"column":28}},"194":{"start":{"line":195,"column":0},"end":{"line":195,"column":76}},"195":{"start":{"line":196,"column":0},"end":{"line":196,"column":45}},"196":{"start":{"line":197,"column":0},"end":{"line":197,"column":7}},"198":{"start":{"line":199,"column":0},"end":{"line":199,"column":53}},"199":{"start":{"line":200,"column":0},"end":{"line":200,"column":64}},"201":{"start":{"line":202,"column":0},"end":{"line":202,"column":50}},"203":{"start":{"line":204,"column":0},"end":{"line":204,"column":65}},"205":{"start":{"line":206,"column":0},"end":{"line":206,"column":61}},"206":{"start":{"line":207,"column":0},"end":{"line":207,"column":65}},"208":{"start":{"line":209,"column":0},"end":{"line":209,"column":45}},"209":{"start":{"line":210,"column":0},"end":{"line":210,"column":51}},"210":{"start":{"line":211,"column":0},"end":{"line":211,"column":9}},"211":{"start":{"line":212,"column":0},"end":{"line":212,"column":7}},"212":{"start":{"line":213,"column":0},"end":{"line":213,"column":7}},"214":{"start":{"line":215,"column":0},"end":{"line":215,"column":54}},"215":{"start":{"line":216,"column":0},"end":{"line":216,"column":65}},"217":{"start":{"line":218,"column":0},"end":{"line":218,"column":50}},"219":{"start":{"line":220,"column":0},"end":{"line":220,"column":65}},"221":{"start":{"line":222,"column":0},"end":{"line":222,"column":61}},"222":{"start":{"line":223,"column":0},"end":{"line":223,"column":65}},"224":{"start":{"line":225,"column":0},"end":{"line":225,"column":45}},"225":{"start":{"line":226,"column":0},"end":{"line":226,"column":54}},"226":{"start":{"line":227,"column":0},"end":{"line":227,"column":9}},"227":{"start":{"line":228,"column":0},"end":{"line":228,"column":7}},"228":{"start":{"line":229,"column":0},"end":{"line":229,"column":7}},"230":{"start":{"line":231,"column":0},"end":{"line":231,"column":55}},"231":{"start":{"line":232,"column":0},"end":{"line":232,"column":66}},"233":{"start":{"line":234,"column":0},"end":{"line":234,"column":50}},"235":{"start":{"line":236,"column":0},"end":{"line":236,"column":65}},"237":{"start":{"line":238,"column":0},"end":{"line":238,"column":89}},"238":{"start":{"line":239,"column":0},"end":{"line":239,"column":7}},"239":{"start":{"line":240,"column":0},"end":{"line":240,"column":7}},"241":{"start":{"line":242,"column":0},"end":{"line":242,"column":56}},"242":{"start":{"line":243,"column":0},"end":{"line":243,"column":67}},"244":{"start":{"line":245,"column":0},"end":{"line":245,"column":50}},"246":{"start":{"line":247,"column":0},"end":{"line":247,"column":65}},"248":{"start":{"line":249,"column":0},"end":{"line":249,"column":92}},"249":{"start":{"line":250,"column":0},"end":{"line":250,"column":7}},"250":{"start":{"line":251,"column":0},"end":{"line":251,"column":7}},"252":{"start":{"line":253,"column":0},"end":{"line":253,"column":61}},"253":{"start":{"line":254,"column":0},"end":{"line":254,"column":72}},"255":{"start":{"line":256,"column":0},"end":{"line":256,"column":50}},"257":{"start":{"line":258,"column":0},"end":{"line":258,"column":65}},"259":{"start":{"line":260,"column":0},"end":{"line":260,"column":73}},"260":{"start":{"line":261,"column":0},"end":{"line":261,"column":81}},"261":{"start":{"line":262,"column":0},"end":{"line":262,"column":66}},"262":{"start":{"line":263,"column":0},"end":{"line":263,"column":7}},"263":{"start":{"line":264,"column":0},"end":{"line":264,"column":7}},"265":{"start":{"line":266,"column":0},"end":{"line":266,"column":62}},"266":{"start":{"line":267,"column":0},"end":{"line":267,"column":73}},"268":{"start":{"line":269,"column":0},"end":{"line":269,"column":50}},"270":{"start":{"line":271,"column":0},"end":{"line":271,"column":65}},"272":{"start":{"line":273,"column":0},"end":{"line":273,"column":73}},"273":{"start":{"line":274,"column":0},"end":{"line":274,"column":81}},"274":{"start":{"line":275,"column":0},"end":{"line":275,"column":69}},"275":{"start":{"line":276,"column":0},"end":{"line":276,"column":7}},"276":{"start":{"line":277,"column":0},"end":{"line":277,"column":7}},"278":{"start":{"line":279,"column":0},"end":{"line":279,"column":45}},"279":{"start":{"line":280,"column":0},"end":{"line":280,"column":67}},"282":{"start":{"line":283,"column":0},"end":{"line":283,"column":46}},"283":{"start":{"line":284,"column":0},"end":{"line":284,"column":7}},"285":{"start":{"line":286,"column":0},"end":{"line":286,"column":80}},"286":{"start":{"line":287,"column":0},"end":{"line":287,"column":64}},"289":{"start":{"line":290,"column":0},"end":{"line":290,"column":66}},"291":{"start":{"line":292,"column":0},"end":{"line":292,"column":36}},"293":{"start":{"line":294,"column":0},"end":{"line":294,"column":55}},"294":{"start":{"line":295,"column":0},"end":{"line":295,"column":47}},"295":{"start":{"line":296,"column":0},"end":{"line":296,"column":9}},"296":{"start":{"line":297,"column":0},"end":{"line":297,"column":7}},"297":{"start":{"line":298,"column":0},"end":{"line":298,"column":7}},"298":{"start":{"line":299,"column":0},"end":{"line":299,"column":5}},"300":{"start":{"line":301,"column":0},"end":{"line":301,"column":36}},"301":{"start":{"line":302,"column":0},"end":{"line":302,"column":28}},"302":{"start":{"line":303,"column":0},"end":{"line":303,"column":76}},"303":{"start":{"line":304,"column":0},"end":{"line":304,"column":45}},"304":{"start":{"line":305,"column":0},"end":{"line":305,"column":7}},"306":{"start":{"line":307,"column":0},"end":{"line":307,"column":50}},"307":{"start":{"line":308,"column":0},"end":{"line":308,"column":52}},"309":{"start":{"line":310,"column":0},"end":{"line":310,"column":45}},"310":{"start":{"line":311,"column":0},"end":{"line":311,"column":45}},"312":{"start":{"line":313,"column":0},"end":{"line":313,"column":42}},"313":{"start":{"line":314,"column":0},"end":{"line":314,"column":39}},"314":{"start":{"line":315,"column":0},"end":{"line":315,"column":7}},"316":{"start":{"line":317,"column":0},"end":{"line":317,"column":42}},"317":{"start":{"line":318,"column":0},"end":{"line":318,"column":44}},"319":{"start":{"line":320,"column":0},"end":{"line":320,"column":52}},"320":{"start":{"line":321,"column":0},"end":{"line":321,"column":50}},"321":{"start":{"line":322,"column":0},"end":{"line":322,"column":7}},"323":{"start":{"line":324,"column":0},"end":{"line":324,"column":48}},"324":{"start":{"line":325,"column":0},"end":{"line":325,"column":51}},"325":{"start":{"line":326,"column":0},"end":{"line":326,"column":59}},"327":{"start":{"line":328,"column":0},"end":{"line":328,"column":75}},"329":{"start":{"line":330,"column":0},"end":{"line":330,"column":58}},"330":{"start":{"line":331,"column":0},"end":{"line":331,"column":72}},"331":{"start":{"line":332,"column":0},"end":{"line":332,"column":73}},"333":{"start":{"line":334,"column":0},"end":{"line":334,"column":61}},"334":{"start":{"line":335,"column":0},"end":{"line":335,"column":61}},"335":{"start":{"line":336,"column":0},"end":{"line":336,"column":62}},"336":{"start":{"line":337,"column":0},"end":{"line":337,"column":62}},"337":{"start":{"line":338,"column":0},"end":{"line":338,"column":7}},"339":{"start":{"line":340,"column":0},"end":{"line":340,"column":53}},"340":{"start":{"line":341,"column":0},"end":{"line":341,"column":51}},"341":{"start":{"line":342,"column":0},"end":{"line":342,"column":38}},"343":{"start":{"line":344,"column":0},"end":{"line":344,"column":73}},"345":{"start":{"line":346,"column":0},"end":{"line":346,"column":58}},"346":{"start":{"line":347,"column":0},"end":{"line":347,"column":71}},"348":{"start":{"line":349,"column":0},"end":{"line":349,"column":55}},"349":{"start":{"line":350,"column":0},"end":{"line":350,"column":7}},"351":{"start":{"line":352,"column":0},"end":{"line":352,"column":57}},"352":{"start":{"line":353,"column":0},"end":{"line":353,"column":51}},"353":{"start":{"line":354,"column":0},"end":{"line":354,"column":33}},"354":{"start":{"line":355,"column":0},"end":{"line":355,"column":44}},"356":{"start":{"line":357,"column":0},"end":{"line":357,"column":24}},"357":{"start":{"line":358,"column":0},"end":{"line":358,"column":51}},"359":{"start":{"line":360,"column":0},"end":{"line":360,"column":60}},"360":{"start":{"line":361,"column":0},"end":{"line":361,"column":82}},"362":{"start":{"line":363,"column":0},"end":{"line":363,"column":54}},"363":{"start":{"line":364,"column":0},"end":{"line":364,"column":55}},"364":{"start":{"line":365,"column":0},"end":{"line":365,"column":7}},"365":{"start":{"line":366,"column":0},"end":{"line":366,"column":7}},"367":{"start":{"line":368,"column":0},"end":{"line":368,"column":59}},"369":{"start":{"line":370,"column":0},"end":{"line":370,"column":36}},"370":{"start":{"line":371,"column":0},"end":{"line":371,"column":22}},"371":{"start":{"line":372,"column":0},"end":{"line":372,"column":29}},"372":{"start":{"line":373,"column":0},"end":{"line":373,"column":33}},"373":{"start":{"line":374,"column":0},"end":{"line":374,"column":30}},"374":{"start":{"line":375,"column":0},"end":{"line":375,"column":44}},"375":{"start":{"line":376,"column":0},"end":{"line":376,"column":24}},"376":{"start":{"line":377,"column":0},"end":{"line":377,"column":24}},"377":{"start":{"line":378,"column":0},"end":{"line":378,"column":26}},"378":{"start":{"line":379,"column":0},"end":{"line":379,"column":24}},"379":{"start":{"line":380,"column":0},"end":{"line":380,"column":8}},"381":{"start":{"line":382,"column":0},"end":{"line":382,"column":36}},"382":{"start":{"line":383,"column":0},"end":{"line":383,"column":22}},"383":{"start":{"line":384,"column":0},"end":{"line":384,"column":29}},"384":{"start":{"line":385,"column":0},"end":{"line":385,"column":33}},"385":{"start":{"line":386,"column":0},"end":{"line":386,"column":30}},"386":{"start":{"line":387,"column":0},"end":{"line":387,"column":44}},"387":{"start":{"line":388,"column":0},"end":{"line":388,"column":24}},"388":{"start":{"line":389,"column":0},"end":{"line":389,"column":24}},"389":{"start":{"line":390,"column":0},"end":{"line":390,"column":26}},"390":{"start":{"line":391,"column":0},"end":{"line":391,"column":24}},"391":{"start":{"line":392,"column":0},"end":{"line":392,"column":8}},"393":{"start":{"line":394,"column":0},"end":{"line":394,"column":38}},"394":{"start":{"line":395,"column":0},"end":{"line":395,"column":38}},"396":{"start":{"line":397,"column":0},"end":{"line":397,"column":64}},"398":{"start":{"line":399,"column":0},"end":{"line":399,"column":51}},"399":{"start":{"line":400,"column":0},"end":{"line":400,"column":62}},"400":{"start":{"line":401,"column":0},"end":{"line":401,"column":62}},"402":{"start":{"line":403,"column":0},"end":{"line":403,"column":63}},"403":{"start":{"line":404,"column":0},"end":{"line":404,"column":62}},"404":{"start":{"line":405,"column":0},"end":{"line":405,"column":63}},"405":{"start":{"line":406,"column":0},"end":{"line":406,"column":62}},"407":{"start":{"line":408,"column":0},"end":{"line":408,"column":52}},"408":{"start":{"line":409,"column":0},"end":{"line":409,"column":50}},"409":{"start":{"line":410,"column":0},"end":{"line":410,"column":49}},"410":{"start":{"line":411,"column":0},"end":{"line":411,"column":49}},"411":{"start":{"line":412,"column":0},"end":{"line":412,"column":7}},"412":{"start":{"line":413,"column":0},"end":{"line":413,"column":5}},"414":{"start":{"line":415,"column":0},"end":{"line":415,"column":38}},"415":{"start":{"line":416,"column":0},"end":{"line":416,"column":28}},"416":{"start":{"line":417,"column":0},"end":{"line":417,"column":76}},"417":{"start":{"line":418,"column":0},"end":{"line":418,"column":45}},"418":{"start":{"line":419,"column":0},"end":{"line":419,"column":7}},"420":{"start":{"line":421,"column":0},"end":{"line":421,"column":57}},"421":{"start":{"line":422,"column":0},"end":{"line":422,"column":51}},"422":{"start":{"line":423,"column":0},"end":{"line":423,"column":59}},"424":{"start":{"line":425,"column":0},"end":{"line":425,"column":52}},"426":{"start":{"line":427,"column":0},"end":{"line":427,"column":60}},"427":{"start":{"line":428,"column":0},"end":{"line":428,"column":80}},"429":{"start":{"line":430,"column":0},"end":{"line":430,"column":58}},"430":{"start":{"line":431,"column":0},"end":{"line":431,"column":80}},"431":{"start":{"line":432,"column":0},"end":{"line":432,"column":7}},"433":{"start":{"line":434,"column":0},"end":{"line":434,"column":64}},"434":{"start":{"line":435,"column":0},"end":{"line":435,"column":51}},"435":{"start":{"line":436,"column":0},"end":{"line":436,"column":59}},"437":{"start":{"line":438,"column":0},"end":{"line":438,"column":55}},"439":{"start":{"line":440,"column":0},"end":{"line":440,"column":54}},"440":{"start":{"line":441,"column":0},"end":{"line":441,"column":58}},"442":{"start":{"line":443,"column":0},"end":{"line":443,"column":74}},"443":{"start":{"line":444,"column":0},"end":{"line":444,"column":76}},"444":{"start":{"line":445,"column":0},"end":{"line":445,"column":7}},"446":{"start":{"line":447,"column":0},"end":{"line":447,"column":53}},"447":{"start":{"line":448,"column":0},"end":{"line":448,"column":51}},"448":{"start":{"line":449,"column":0},"end":{"line":449,"column":60}},"450":{"start":{"line":451,"column":0},"end":{"line":451,"column":53}},"451":{"start":{"line":452,"column":0},"end":{"line":452,"column":50}},"453":{"start":{"line":454,"column":0},"end":{"line":454,"column":54}},"454":{"start":{"line":455,"column":0},"end":{"line":455,"column":79}},"456":{"start":{"line":457,"column":0},"end":{"line":457,"column":58}},"457":{"start":{"line":458,"column":0},"end":{"line":458,"column":77}},"458":{"start":{"line":459,"column":0},"end":{"line":459,"column":7}},"460":{"start":{"line":461,"column":0},"end":{"line":461,"column":54}},"461":{"start":{"line":462,"column":0},"end":{"line":462,"column":51}},"462":{"start":{"line":463,"column":0},"end":{"line":463,"column":61}},"464":{"start":{"line":465,"column":0},"end":{"line":465,"column":52}},"466":{"start":{"line":467,"column":0},"end":{"line":467,"column":58}},"467":{"start":{"line":468,"column":0},"end":{"line":468,"column":84}},"469":{"start":{"line":470,"column":0},"end":{"line":470,"column":74}},"470":{"start":{"line":471,"column":0},"end":{"line":471,"column":7}},"472":{"start":{"line":473,"column":0},"end":{"line":473,"column":56}},"473":{"start":{"line":474,"column":0},"end":{"line":474,"column":51}},"474":{"start":{"line":475,"column":0},"end":{"line":475,"column":63}},"476":{"start":{"line":477,"column":0},"end":{"line":477,"column":54}},"477":{"start":{"line":478,"column":0},"end":{"line":478,"column":56}},"479":{"start":{"line":480,"column":0},"end":{"line":480,"column":58}},"480":{"start":{"line":481,"column":0},"end":{"line":481,"column":88}},"482":{"start":{"line":483,"column":0},"end":{"line":483,"column":77}},"483":{"start":{"line":484,"column":0},"end":{"line":484,"column":7}},"485":{"start":{"line":486,"column":0},"end":{"line":486,"column":60}},"486":{"start":{"line":487,"column":0},"end":{"line":487,"column":51}},"487":{"start":{"line":488,"column":0},"end":{"line":488,"column":58}},"488":{"start":{"line":489,"column":0},"end":{"line":489,"column":40}},"490":{"start":{"line":491,"column":0},"end":{"line":491,"column":46}},"492":{"start":{"line":493,"column":0},"end":{"line":493,"column":58}},"494":{"start":{"line":495,"column":0},"end":{"line":495,"column":57}},"497":{"start":{"line":498,"column":0},"end":{"line":498,"column":76}},"498":{"start":{"line":499,"column":0},"end":{"line":499,"column":39}},"499":{"start":{"line":500,"column":0},"end":{"line":500,"column":62}},"500":{"start":{"line":501,"column":0},"end":{"line":501,"column":62}},"501":{"start":{"line":502,"column":0},"end":{"line":502,"column":7}},"502":{"start":{"line":503,"column":0},"end":{"line":503,"column":5}},"504":{"start":{"line":505,"column":0},"end":{"line":505,"column":41}},"505":{"start":{"line":506,"column":0},"end":{"line":506,"column":28}},"506":{"start":{"line":507,"column":0},"end":{"line":507,"column":76}},"507":{"start":{"line":508,"column":0},"end":{"line":508,"column":45}},"508":{"start":{"line":509,"column":0},"end":{"line":509,"column":7}},"510":{"start":{"line":511,"column":0},"end":{"line":511,"column":55}},"511":{"start":{"line":512,"column":0},"end":{"line":512,"column":51}},"512":{"start":{"line":513,"column":0},"end":{"line":513,"column":53}},"514":{"start":{"line":515,"column":0},"end":{"line":515,"column":22}},"515":{"start":{"line":516,"column":0},"end":{"line":516,"column":53}},"517":{"start":{"line":518,"column":0},"end":{"line":518,"column":60}},"518":{"start":{"line":519,"column":0},"end":{"line":519,"column":73}},"520":{"start":{"line":521,"column":0},"end":{"line":521,"column":48}},"522":{"start":{"line":523,"column":0},"end":{"line":523,"column":54}},"523":{"start":{"line":524,"column":0},"end":{"line":524,"column":7}},"524":{"start":{"line":525,"column":0},"end":{"line":525,"column":7}},"526":{"start":{"line":527,"column":0},"end":{"line":527,"column":41}},"527":{"start":{"line":528,"column":0},"end":{"line":528,"column":51}},"528":{"start":{"line":529,"column":0},"end":{"line":529,"column":54}},"530":{"start":{"line":531,"column":0},"end":{"line":531,"column":24}},"531":{"start":{"line":532,"column":0},"end":{"line":532,"column":56}},"533":{"start":{"line":534,"column":0},"end":{"line":534,"column":60}},"534":{"start":{"line":535,"column":0},"end":{"line":535,"column":77}},"536":{"start":{"line":537,"column":0},"end":{"line":537,"column":51}},"537":{"start":{"line":538,"column":0},"end":{"line":538,"column":7}},"538":{"start":{"line":539,"column":0},"end":{"line":539,"column":7}},"540":{"start":{"line":541,"column":0},"end":{"line":541,"column":53}},"541":{"start":{"line":542,"column":0},"end":{"line":542,"column":51}},"542":{"start":{"line":543,"column":0},"end":{"line":543,"column":28}},"543":{"start":{"line":544,"column":0},"end":{"line":544,"column":52}},"545":{"start":{"line":546,"column":0},"end":{"line":546,"column":47}},"547":{"start":{"line":548,"column":0},"end":{"line":548,"column":58}},"548":{"start":{"line":549,"column":0},"end":{"line":549,"column":67}},"550":{"start":{"line":551,"column":0},"end":{"line":551,"column":67}},"551":{"start":{"line":552,"column":0},"end":{"line":552,"column":7}},"553":{"start":{"line":554,"column":0},"end":{"line":554,"column":62}},"554":{"start":{"line":555,"column":0},"end":{"line":555,"column":51}},"556":{"start":{"line":557,"column":0},"end":{"line":557,"column":30}},"558":{"start":{"line":559,"column":0},"end":{"line":559,"column":62}},"560":{"start":{"line":561,"column":0},"end":{"line":561,"column":41}},"561":{"start":{"line":562,"column":0},"end":{"line":562,"column":49}},"562":{"start":{"line":563,"column":0},"end":{"line":563,"column":72}},"564":{"start":{"line":565,"column":0},"end":{"line":565,"column":60}},"566":{"start":{"line":567,"column":0},"end":{"line":567,"column":62}},"567":{"start":{"line":568,"column":0},"end":{"line":568,"column":73}},"568":{"start":{"line":569,"column":0},"end":{"line":569,"column":71}},"571":{"start":{"line":572,"column":0},"end":{"line":572,"column":44}},"572":{"start":{"line":573,"column":0},"end":{"line":573,"column":43}},"573":{"start":{"line":574,"column":0},"end":{"line":574,"column":9}},"574":{"start":{"line":575,"column":0},"end":{"line":575,"column":7}},"575":{"start":{"line":576,"column":0},"end":{"line":576,"column":7}},"577":{"start":{"line":578,"column":0},"end":{"line":578,"column":45}},"578":{"start":{"line":579,"column":0},"end":{"line":579,"column":38}},"580":{"start":{"line":581,"column":0},"end":{"line":581,"column":51}},"581":{"start":{"line":582,"column":0},"end":{"line":582,"column":52}},"583":{"start":{"line":584,"column":0},"end":{"line":584,"column":35}},"584":{"start":{"line":585,"column":0},"end":{"line":585,"column":34}},"585":{"start":{"line":586,"column":0},"end":{"line":586,"column":7}},"586":{"start":{"line":587,"column":0},"end":{"line":587,"column":5}},"588":{"start":{"line":589,"column":0},"end":{"line":589,"column":35}},"589":{"start":{"line":590,"column":0},"end":{"line":590,"column":28}},"590":{"start":{"line":591,"column":0},"end":{"line":591,"column":76}},"591":{"start":{"line":592,"column":0},"end":{"line":592,"column":45}},"592":{"start":{"line":593,"column":0},"end":{"line":593,"column":7}},"594":{"start":{"line":595,"column":0},"end":{"line":595,"column":50}},"595":{"start":{"line":596,"column":0},"end":{"line":596,"column":57}},"596":{"start":{"line":597,"column":0},"end":{"line":597,"column":46}},"598":{"start":{"line":599,"column":0},"end":{"line":599,"column":37}},"599":{"start":{"line":600,"column":0},"end":{"line":600,"column":45}},"600":{"start":{"line":601,"column":0},"end":{"line":601,"column":53}},"601":{"start":{"line":602,"column":0},"end":{"line":602,"column":52}},"602":{"start":{"line":603,"column":0},"end":{"line":603,"column":7}},"604":{"start":{"line":605,"column":0},"end":{"line":605,"column":53}},"605":{"start":{"line":606,"column":0},"end":{"line":606,"column":38}},"606":{"start":{"line":607,"column":0},"end":{"line":607,"column":23}},"607":{"start":{"line":608,"column":0},"end":{"line":608,"column":36}},"608":{"start":{"line":609,"column":0},"end":{"line":609,"column":33}},"609":{"start":{"line":610,"column":0},"end":{"line":610,"column":30}},"610":{"start":{"line":611,"column":0},"end":{"line":611,"column":44}},"611":{"start":{"line":612,"column":0},"end":{"line":612,"column":28}},"612":{"start":{"line":613,"column":0},"end":{"line":613,"column":24}},"613":{"start":{"line":614,"column":0},"end":{"line":614,"column":26}},"614":{"start":{"line":615,"column":0},"end":{"line":615,"column":24}},"615":{"start":{"line":616,"column":0},"end":{"line":616,"column":8}},"617":{"start":{"line":618,"column":0},"end":{"line":618,"column":26}},"618":{"start":{"line":619,"column":0},"end":{"line":619,"column":19}},"619":{"start":{"line":620,"column":0},"end":{"line":620,"column":44}},"620":{"start":{"line":621,"column":0},"end":{"line":621,"column":25}},"621":{"start":{"line":622,"column":0},"end":{"line":622,"column":27}},"622":{"start":{"line":623,"column":0},"end":{"line":623,"column":8}},"624":{"start":{"line":625,"column":0},"end":{"line":625,"column":77}},"625":{"start":{"line":626,"column":0},"end":{"line":626,"column":32}},"627":{"start":{"line":628,"column":0},"end":{"line":628,"column":51}},"628":{"start":{"line":629,"column":0},"end":{"line":629,"column":64}},"630":{"start":{"line":631,"column":0},"end":{"line":631,"column":41}},"631":{"start":{"line":632,"column":0},"end":{"line":632,"column":61}},"633":{"start":{"line":634,"column":0},"end":{"line":634,"column":52}},"634":{"start":{"line":635,"column":0},"end":{"line":635,"column":52}},"635":{"start":{"line":636,"column":0},"end":{"line":636,"column":7}},"637":{"start":{"line":638,"column":0},"end":{"line":638,"column":64}},"638":{"start":{"line":639,"column":0},"end":{"line":639,"column":69}},"639":{"start":{"line":640,"column":0},"end":{"line":640,"column":33}},"640":{"start":{"line":641,"column":0},"end":{"line":641,"column":7}},"642":{"start":{"line":643,"column":0},"end":{"line":643,"column":62}},"643":{"start":{"line":644,"column":0},"end":{"line":644,"column":27}},"644":{"start":{"line":645,"column":0},"end":{"line":645,"column":19}},"645":{"start":{"line":646,"column":0},"end":{"line":646,"column":44}},"646":{"start":{"line":647,"column":0},"end":{"line":647,"column":23}},"647":{"start":{"line":648,"column":0},"end":{"line":648,"column":8}},"649":{"start":{"line":650,"column":0},"end":{"line":650,"column":78}},"650":{"start":{"line":651,"column":0},"end":{"line":651,"column":33}},"651":{"start":{"line":652,"column":0},"end":{"line":652,"column":7}},"653":{"start":{"line":654,"column":0},"end":{"line":654,"column":69}},"654":{"start":{"line":655,"column":0},"end":{"line":655,"column":58}},"655":{"start":{"line":656,"column":0},"end":{"line":656,"column":47}},"657":{"start":{"line":658,"column":0},"end":{"line":658,"column":38}},"658":{"start":{"line":659,"column":0},"end":{"line":659,"column":29}},"659":{"start":{"line":660,"column":0},"end":{"line":660,"column":41}},"660":{"start":{"line":661,"column":0},"end":{"line":661,"column":33}},"661":{"start":{"line":662,"column":0},"end":{"line":662,"column":30}},"662":{"start":{"line":663,"column":0},"end":{"line":663,"column":44}},"663":{"start":{"line":664,"column":0},"end":{"line":664,"column":31}},"664":{"start":{"line":665,"column":0},"end":{"line":665,"column":24}},"665":{"start":{"line":666,"column":0},"end":{"line":666,"column":26}},"666":{"start":{"line":667,"column":0},"end":{"line":667,"column":24}},"667":{"start":{"line":668,"column":0},"end":{"line":668,"column":8}},"669":{"start":{"line":670,"column":0},"end":{"line":670,"column":26}},"670":{"start":{"line":671,"column":0},"end":{"line":671,"column":19}},"671":{"start":{"line":672,"column":0},"end":{"line":672,"column":44}},"672":{"start":{"line":673,"column":0},"end":{"line":673,"column":25}},"673":{"start":{"line":674,"column":0},"end":{"line":674,"column":30}},"674":{"start":{"line":675,"column":0},"end":{"line":675,"column":8}},"676":{"start":{"line":677,"column":0},"end":{"line":677,"column":62}},"678":{"start":{"line":679,"column":0},"end":{"line":679,"column":58}},"679":{"start":{"line":680,"column":0},"end":{"line":680,"column":57}},"682":{"start":{"line":683,"column":0},"end":{"line":683,"column":44}},"683":{"start":{"line":684,"column":0},"end":{"line":684,"column":76}},"684":{"start":{"line":685,"column":0},"end":{"line":685,"column":9}},"687":{"start":{"line":688,"column":0},"end":{"line":688,"column":75}},"688":{"start":{"line":689,"column":0},"end":{"line":689,"column":7}},"690":{"start":{"line":691,"column":0},"end":{"line":691,"column":74}},"691":{"start":{"line":692,"column":0},"end":{"line":692,"column":51}},"692":{"start":{"line":693,"column":0},"end":{"line":693,"column":36}},"694":{"start":{"line":695,"column":0},"end":{"line":695,"column":42}},"695":{"start":{"line":696,"column":0},"end":{"line":696,"column":24}},"696":{"start":{"line":697,"column":0},"end":{"line":697,"column":38}},"697":{"start":{"line":698,"column":0},"end":{"line":698,"column":26}},"698":{"start":{"line":699,"column":0},"end":{"line":699,"column":8}},"700":{"start":{"line":701,"column":0},"end":{"line":701,"column":26}},"701":{"start":{"line":702,"column":0},"end":{"line":702,"column":19}},"702":{"start":{"line":703,"column":0},"end":{"line":703,"column":44}},"703":{"start":{"line":704,"column":0},"end":{"line":704,"column":29}},"704":{"start":{"line":705,"column":0},"end":{"line":705,"column":26}},"705":{"start":{"line":706,"column":0},"end":{"line":706,"column":8}},"707":{"start":{"line":708,"column":0},"end":{"line":708,"column":62}},"709":{"start":{"line":710,"column":0},"end":{"line":710,"column":58}},"710":{"start":{"line":711,"column":0},"end":{"line":711,"column":72}},"712":{"start":{"line":713,"column":0},"end":{"line":713,"column":59}},"713":{"start":{"line":714,"column":0},"end":{"line":714,"column":51}},"714":{"start":{"line":715,"column":0},"end":{"line":715,"column":7}},"715":{"start":{"line":716,"column":0},"end":{"line":716,"column":5}},"716":{"start":{"line":717,"column":0},"end":{"line":717,"column":3}}},"s":{"0":1,"2":1,"3":1,"6":1,"8":1,"9":1,"11":43,"14":43,"15":1,"17":1,"18":1,"19":1,"20":1,"21":1,"22":1,"23":1,"24":1,"25":1,"26":1,"27":1,"28":1,"29":1,"30":1,"31":1,"33":1,"36":1,"37":1,"38":1,"40":1,"41":1,"42":1,"43":1,"45":1,"46":1,"47":1,"48":1,"51":1,"52":1,"53":1,"55":1,"56":1,"58":1,"59":1,"60":1,"63":1,"64":1,"65":1,"66":1,"68":1,"69":1,"70":5,"71":5,"72":1,"74":1,"75":1,"76":1,"77":1,"78":1,"79":1,"80":1,"81":1,"82":1,"83":1,"84":1,"85":1,"87":1,"88":1,"91":1,"92":1,"93":1,"94":1,"96":1,"97":1,"98":1,"100":1,"101":1,"102":1,"103":1,"105":1,"106":1,"108":1,"109":1,"110":1,"112":1,"113":1,"114":1,"115":1,"117":1,"119":1,"120":1,"122":1,"123":1,"124":1,"126":1,"127":1,"128":1,"130":1,"132":1,"133":1,"135":1,"136":1,"137":1,"139":1,"140":1,"141":1,"143":1,"144":1,"146":1,"147":1,"149":1,"150":1,"151":1,"152":1,"154":1,"155":1,"156":4,"157":4,"158":1,"160":1,"161":1,"163":1,"164":1,"166":1,"167":1,"168":1,"169":1,"170":1,"172":1,"173":1,"174":1,"176":1,"177":1,"178":1,"180":1,"181":1,"182":1,"184":1,"185":1,"187":1,"188":1,"189":1,"190":1,"192":1,"193":1,"194":8,"195":8,"196":1,"198":1,"199":1,"201":1,"203":6,"205":4,"206":4,"208":6,"209":0,"210":0,"211":6,"212":1,"214":1,"215":1,"217":1,"219":6,"221":4,"222":4,"224":6,"225":0,"226":0,"227":6,"228":1,"230":1,"231":1,"233":1,"235":6,"237":4,"238":4,"239":1,"241":1,"242":1,"244":1,"246":6,"248":4,"249":4,"250":1,"252":1,"253":1,"255":1,"257":6,"259":6,"260":6,"261":6,"262":6,"263":1,"265":1,"266":1,"268":1,"270":6,"272":6,"273":6,"274":6,"275":6,"276":1,"278":1,"279":1,"282":1,"283":1,"285":1,"286":1,"289":1,"291":1,"293":1,"294":2,"295":2,"296":1,"297":1,"298":1,"300":1,"301":1,"302":6,"303":6,"304":1,"306":1,"307":1,"309":1,"310":1,"312":1,"313":1,"314":1,"316":1,"317":1,"319":1,"320":1,"321":1,"323":1,"324":1,"325":1,"327":1,"329":1,"330":1,"331":1,"333":1,"334":1,"335":1,"336":1,"337":1,"339":1,"340":1,"341":1,"343":1,"345":1,"346":1,"348":1,"349":1,"351":1,"352":1,"353":1,"354":1,"356":1,"357":1,"359":1,"360":1,"362":1,"363":1,"364":1,"365":1,"367":1,"369":1,"370":1,"371":1,"372":1,"373":1,"374":1,"375":1,"376":1,"377":1,"378":1,"379":1,"381":1,"382":1,"383":1,"384":1,"385":1,"386":1,"387":1,"388":1,"389":1,"390":1,"391":1,"393":1,"394":1,"396":1,"398":1,"399":1,"400":1,"402":1,"403":1,"404":1,"405":1,"407":1,"408":1,"409":1,"410":1,"411":1,"412":1,"414":1,"415":1,"416":6,"417":6,"418":1,"420":1,"421":1,"422":1,"424":1,"426":1,"427":1,"429":1,"430":1,"431":1,"433":1,"434":1,"435":1,"437":1,"439":1,"440":1,"442":1,"443":1,"444":1,"446":1,"447":1,"448":1,"450":1,"451":1,"453":1,"454":1,"456":1,"457":1,"458":1,"460":1,"461":1,"462":1,"464":1,"466":1,"467":1,"469":1,"470":1,"472":1,"473":1,"474":1,"476":1,"477":1,"479":1,"480":1,"482":1,"483":1,"485":1,"486":1,"487":1,"488":1,"490":1,"492":1,"494":1,"497":1,"498":1,"499":1,"500":1,"501":1,"502":1,"504":1,"505":1,"506":5,"507":5,"508":1,"510":1,"511":1,"512":1,"514":1,"515":1,"517":1,"518":1,"520":1,"522":1,"523":1,"524":1,"526":1,"527":1,"528":1,"530":1,"531":1,"533":1,"534":1,"536":1,"537":1,"538":1,"540":1,"541":1,"542":1,"543":1,"545":1,"547":1,"548":1,"550":1,"551":1,"553":1,"554":1,"556":1,"558":1,"560":1,"561":1,"562":1,"564":1,"566":1,"567":1,"568":1,"571":1,"572":1,"573":1,"574":1,"575":1,"577":1,"578":1,"580":1,"581":1,"583":1,"584":1,"585":1,"586":1,"588":1,"589":1,"590":6,"591":6,"592":1,"594":1,"595":1,"596":1,"598":1,"599":1,"600":1,"601":1,"602":1,"604":1,"605":1,"606":1,"607":1,"608":1,"609":1,"610":1,"611":1,"612":1,"613":1,"614":1,"615":1,"617":1,"618":1,"619":1,"620":1,"621":1,"622":1,"624":1,"625":1,"627":1,"628":1,"630":1,"631":1,"633":1,"634":1,"635":1,"637":1,"638":1,"639":1,"640":1,"642":1,"643":1,"644":1,"645":1,"646":1,"647":1,"649":1,"650":1,"651":1,"653":1,"654":1,"655":1,"657":1,"658":1,"659":1,"660":1,"661":1,"662":1,"663":1,"664":1,"665":1,"666":1,"667":1,"669":1,"670":1,"671":1,"672":1,"673":1,"674":1,"676":1,"678":1,"679":1,"682":1,"683":7,"684":1,"687":1,"688":1,"690":1,"691":1,"692":1,"694":1,"695":1,"696":1,"697":1,"698":1,"700":1,"701":1,"702":1,"703":1,"704":1,"705":1,"707":1,"709":1,"710":1,"712":1,"713":1,"714":1,"715":1,"716":1},"branchMap":{"0":{"type":"branch","line":9,"loc":{"start":{"line":9,"column":32},"end":{"line":717,"column":3}},"locations":[{"start":{"line":9,"column":32},"end":{"line":717,"column":3}}]},"1":{"type":"branch","line":10,"loc":{"start":{"line":10,"column":13},"end":{"line":16,"column":3}},"locations":[{"start":{"line":10,"column":13},"end":{"line":16,"column":3}}]},"2":{"type":"branch","line":18,"loc":{"start":{"line":18,"column":39},"end":{"line":67,"column":3}},"locations":[{"start":{"line":18,"column":39},"end":{"line":67,"column":3}}]},"3":{"type":"branch","line":19,"loc":{"start":{"line":19,"column":58},"end":{"line":44,"column":5}},"locations":[{"start":{"line":19,"column":58},"end":{"line":44,"column":5}}]},"4":{"type":"branch","line":46,"loc":{"start":{"line":46,"column":83},"end":{"line":54,"column":5}},"locations":[{"start":{"line":46,"column":83},"end":{"line":54,"column":5}}]},"5":{"type":"branch","line":52,"loc":{"start":{"line":52,"column":66},"end":{"line":52,"column":89}},"locations":[{"start":{"line":52,"column":66},"end":{"line":52,"column":89}}]},"6":{"type":"branch","line":56,"loc":{"start":{"line":56,"column":63},"end":{"line":66,"column":5}},"locations":[{"start":{"line":56,"column":63},"end":{"line":66,"column":5}}]},"7":{"type":"branch","line":64,"loc":{"start":{"line":64,"column":66},"end":{"line":64,"column":89}},"locations":[{"start":{"line":64,"column":66},"end":{"line":64,"column":89}}]},"8":{"type":"branch","line":69,"loc":{"start":{"line":69,"column":30},"end":{"line":153,"column":3}},"locations":[{"start":{"line":69,"column":30},"end":{"line":153,"column":3}}]},"9":{"type":"branch","line":70,"loc":{"start":{"line":70,"column":15},"end":{"line":73,"column":5}},"locations":[{"start":{"line":70,"column":15},"end":{"line":73,"column":5}}]},"10":{"type":"branch","line":75,"loc":{"start":{"line":75,"column":40},"end":{"line":95,"column":5}},"locations":[{"start":{"line":75,"column":40},"end":{"line":95,"column":5}}]},"11":{"type":"branch","line":92,"loc":{"start":{"line":92,"column":35},"end":{"line":92,"column":56}},"locations":[{"start":{"line":92,"column":35},"end":{"line":92,"column":56}}]},"12":{"type":"branch","line":97,"loc":{"start":{"line":97,"column":38},"end":{"line":111,"column":5}},"locations":[{"start":{"line":97,"column":38},"end":{"line":111,"column":5}}]},"13":{"type":"branch","line":107,"loc":{"start":{"line":107,"column":44},"end":{"line":107,"column":69}},"locations":[{"start":{"line":107,"column":44},"end":{"line":107,"column":69}}]},"14":{"type":"branch","line":113,"loc":{"start":{"line":113,"column":34},"end":{"line":125,"column":5}},"locations":[{"start":{"line":113,"column":34},"end":{"line":125,"column":5}}]},"15":{"type":"branch","line":124,"loc":{"start":{"line":124,"column":29},"end":{"line":124,"column":54}},"locations":[{"start":{"line":124,"column":29},"end":{"line":124,"column":54}}]},"16":{"type":"branch","line":127,"loc":{"start":{"line":127,"column":41},"end":{"line":138,"column":5}},"locations":[{"start":{"line":127,"column":41},"end":{"line":138,"column":5}}]},"17":{"type":"branch","line":136,"loc":{"start":{"line":136,"column":27},"end":{"line":136,"column":52}},"locations":[{"start":{"line":136,"column":27},"end":{"line":136,"column":52}}]},"18":{"type":"branch","line":140,"loc":{"start":{"line":140,"column":38},"end":{"line":152,"column":5}},"locations":[{"start":{"line":140,"column":38},"end":{"line":152,"column":5}}]},"19":{"type":"branch","line":150,"loc":{"start":{"line":150,"column":27},"end":{"line":150,"column":52}},"locations":[{"start":{"line":150,"column":27},"end":{"line":150,"column":52}}]},"20":{"type":"branch","line":155,"loc":{"start":{"line":155,"column":35},"end":{"line":191,"column":3}},"locations":[{"start":{"line":155,"column":35},"end":{"line":191,"column":3}}]},"21":{"type":"branch","line":156,"loc":{"start":{"line":156,"column":15},"end":{"line":159,"column":5}},"locations":[{"start":{"line":156,"column":15},"end":{"line":159,"column":5}}]},"22":{"type":"branch","line":161,"loc":{"start":{"line":161,"column":43},"end":{"line":165,"column":5}},"locations":[{"start":{"line":161,"column":43},"end":{"line":165,"column":5}}]},"23":{"type":"branch","line":164,"loc":{"start":{"line":164,"column":25},"end":{"line":164,"column":42}},"locations":[{"start":{"line":164,"column":25},"end":{"line":164,"column":42}}]},"24":{"type":"branch","line":167,"loc":{"start":{"line":167,"column":49},"end":{"line":175,"column":5}},"locations":[{"start":{"line":167,"column":49},"end":{"line":175,"column":5}}]},"25":{"type":"branch","line":174,"loc":{"start":{"line":174,"column":30},"end":{"line":174,"column":55}},"locations":[{"start":{"line":174,"column":30},"end":{"line":174,"column":55}}]},"26":{"type":"branch","line":177,"loc":{"start":{"line":177,"column":41},"end":{"line":183,"column":5}},"locations":[{"start":{"line":177,"column":41},"end":{"line":183,"column":5}}]},"27":{"type":"branch","line":181,"loc":{"start":{"line":181,"column":33},"end":{"line":181,"column":59}},"locations":[{"start":{"line":181,"column":33},"end":{"line":181,"column":59}}]},"28":{"type":"branch","line":182,"loc":{"start":{"line":182,"column":33},"end":{"line":182,"column":50}},"locations":[{"start":{"line":182,"column":33},"end":{"line":182,"column":50}}]},"29":{"type":"branch","line":185,"loc":{"start":{"line":185,"column":37},"end":{"line":190,"column":5}},"locations":[{"start":{"line":185,"column":37},"end":{"line":190,"column":5}}]},"30":{"type":"branch","line":188,"loc":{"start":{"line":188,"column":29},"end":{"line":188,"column":58}},"locations":[{"start":{"line":188,"column":29},"end":{"line":188,"column":58}}]},"31":{"type":"branch","line":189,"loc":{"start":{"line":189,"column":29},"end":{"line":189,"column":46}},"locations":[{"start":{"line":189,"column":29},"end":{"line":189,"column":46}}]},"32":{"type":"branch","line":193,"loc":{"start":{"line":193,"column":33},"end":{"line":299,"column":3}},"locations":[{"start":{"line":193,"column":33},"end":{"line":299,"column":3}}]},"33":{"type":"branch","line":194,"loc":{"start":{"line":194,"column":15},"end":{"line":197,"column":5}},"locations":[{"start":{"line":194,"column":15},"end":{"line":197,"column":5}}]},"34":{"type":"branch","line":199,"loc":{"start":{"line":199,"column":40},"end":{"line":213,"column":5}},"locations":[{"start":{"line":199,"column":40},"end":{"line":213,"column":5}}]},"35":{"type":"branch","line":202,"loc":{"start":{"line":202,"column":49},"end":{"line":212,"column":7}},"locations":[{"start":{"line":202,"column":49},"end":{"line":212,"column":7}}]},"36":{"type":"branch","line":204,"loc":{"start":{"line":204,"column":21},"end":{"line":204,"column":56}},"locations":[{"start":{"line":204,"column":21},"end":{"line":204,"column":56}}]},"37":{"type":"branch","line":204,"loc":{"start":{"line":204,"column":56},"end":{"line":204,"column":65}},"locations":[{"start":{"line":204,"column":56},"end":{"line":204,"column":65}}]},"38":{"type":"branch","line":204,"loc":{"start":{"line":204,"column":56},"end":{"line":209,"column":29}},"locations":[{"start":{"line":204,"column":56},"end":{"line":209,"column":29}}]},"39":{"type":"branch","line":209,"loc":{"start":{"line":209,"column":24},"end":{"line":209,"column":44}},"locations":[{"start":{"line":209,"column":24},"end":{"line":209,"column":44}}]},"40":{"type":"branch","line":209,"loc":{"start":{"line":209,"column":44},"end":{"line":211,"column":9}},"locations":[{"start":{"line":209,"column":44},"end":{"line":211,"column":9}}]},"41":{"type":"branch","line":215,"loc":{"start":{"line":215,"column":41},"end":{"line":229,"column":5}},"locations":[{"start":{"line":215,"column":41},"end":{"line":229,"column":5}}]},"42":{"type":"branch","line":218,"loc":{"start":{"line":218,"column":49},"end":{"line":228,"column":7}},"locations":[{"start":{"line":218,"column":49},"end":{"line":228,"column":7}}]},"43":{"type":"branch","line":220,"loc":{"start":{"line":220,"column":21},"end":{"line":220,"column":56}},"locations":[{"start":{"line":220,"column":21},"end":{"line":220,"column":56}}]},"44":{"type":"branch","line":220,"loc":{"start":{"line":220,"column":56},"end":{"line":220,"column":65}},"locations":[{"start":{"line":220,"column":56},"end":{"line":220,"column":65}}]},"45":{"type":"branch","line":220,"loc":{"start":{"line":220,"column":56},"end":{"line":225,"column":29}},"locations":[{"start":{"line":220,"column":56},"end":{"line":225,"column":29}}]},"46":{"type":"branch","line":225,"loc":{"start":{"line":225,"column":24},"end":{"line":225,"column":44}},"locations":[{"start":{"line":225,"column":24},"end":{"line":225,"column":44}}]},"47":{"type":"branch","line":225,"loc":{"start":{"line":225,"column":44},"end":{"line":227,"column":9}},"locations":[{"start":{"line":225,"column":44},"end":{"line":227,"column":9}}]},"48":{"type":"branch","line":231,"loc":{"start":{"line":231,"column":42},"end":{"line":240,"column":5}},"locations":[{"start":{"line":231,"column":42},"end":{"line":240,"column":5}}]},"49":{"type":"branch","line":234,"loc":{"start":{"line":234,"column":49},"end":{"line":239,"column":7}},"locations":[{"start":{"line":234,"column":49},"end":{"line":239,"column":7}}]},"50":{"type":"branch","line":236,"loc":{"start":{"line":236,"column":21},"end":{"line":236,"column":56}},"locations":[{"start":{"line":236,"column":21},"end":{"line":236,"column":56}}]},"51":{"type":"branch","line":236,"loc":{"start":{"line":236,"column":56},"end":{"line":236,"column":65}},"locations":[{"start":{"line":236,"column":56},"end":{"line":236,"column":65}}]},"52":{"type":"branch","line":236,"loc":{"start":{"line":236,"column":56},"end":{"line":239,"column":7}},"locations":[{"start":{"line":236,"column":56},"end":{"line":239,"column":7}}]},"53":{"type":"branch","line":242,"loc":{"start":{"line":242,"column":43},"end":{"line":251,"column":5}},"locations":[{"start":{"line":242,"column":43},"end":{"line":251,"column":5}}]},"54":{"type":"branch","line":245,"loc":{"start":{"line":245,"column":49},"end":{"line":250,"column":7}},"locations":[{"start":{"line":245,"column":49},"end":{"line":250,"column":7}}]},"55":{"type":"branch","line":247,"loc":{"start":{"line":247,"column":21},"end":{"line":247,"column":56}},"locations":[{"start":{"line":247,"column":21},"end":{"line":247,"column":56}}]},"56":{"type":"branch","line":247,"loc":{"start":{"line":247,"column":56},"end":{"line":247,"column":65}},"locations":[{"start":{"line":247,"column":56},"end":{"line":247,"column":65}}]},"57":{"type":"branch","line":247,"loc":{"start":{"line":247,"column":56},"end":{"line":250,"column":7}},"locations":[{"start":{"line":247,"column":56},"end":{"line":250,"column":7}}]},"58":{"type":"branch","line":253,"loc":{"start":{"line":253,"column":48},"end":{"line":264,"column":5}},"locations":[{"start":{"line":253,"column":48},"end":{"line":264,"column":5}}]},"59":{"type":"branch","line":256,"loc":{"start":{"line":256,"column":49},"end":{"line":263,"column":7}},"locations":[{"start":{"line":256,"column":49},"end":{"line":263,"column":7}}]},"60":{"type":"branch","line":258,"loc":{"start":{"line":258,"column":21},"end":{"line":258,"column":56}},"locations":[{"start":{"line":258,"column":21},"end":{"line":258,"column":56}}]},"61":{"type":"branch","line":258,"loc":{"start":{"line":258,"column":56},"end":{"line":258,"column":65}},"locations":[{"start":{"line":258,"column":56},"end":{"line":258,"column":65}}]},"62":{"type":"branch","line":258,"loc":{"start":{"line":258,"column":56},"end":{"line":260,"column":59}},"locations":[{"start":{"line":258,"column":56},"end":{"line":260,"column":59}}]},"63":{"type":"branch","line":261,"loc":{"start":{"line":261,"column":36},"end":{"line":261,"column":67}},"locations":[{"start":{"line":261,"column":36},"end":{"line":261,"column":67}}]},"64":{"type":"branch","line":266,"loc":{"start":{"line":266,"column":49},"end":{"line":277,"column":5}},"locations":[{"start":{"line":266,"column":49},"end":{"line":277,"column":5}}]},"65":{"type":"branch","line":269,"loc":{"start":{"line":269,"column":49},"end":{"line":276,"column":7}},"locations":[{"start":{"line":269,"column":49},"end":{"line":276,"column":7}}]},"66":{"type":"branch","line":271,"loc":{"start":{"line":271,"column":21},"end":{"line":271,"column":56}},"locations":[{"start":{"line":271,"column":21},"end":{"line":271,"column":56}}]},"67":{"type":"branch","line":271,"loc":{"start":{"line":271,"column":56},"end":{"line":271,"column":65}},"locations":[{"start":{"line":271,"column":56},"end":{"line":271,"column":65}}]},"68":{"type":"branch","line":271,"loc":{"start":{"line":271,"column":56},"end":{"line":273,"column":59}},"locations":[{"start":{"line":271,"column":56},"end":{"line":273,"column":59}}]},"69":{"type":"branch","line":274,"loc":{"start":{"line":274,"column":36},"end":{"line":274,"column":67}},"locations":[{"start":{"line":274,"column":36},"end":{"line":274,"column":67}}]},"70":{"type":"branch","line":279,"loc":{"start":{"line":279,"column":32},"end":{"line":284,"column":5}},"locations":[{"start":{"line":279,"column":32},"end":{"line":284,"column":5}}]},"71":{"type":"branch","line":286,"loc":{"start":{"line":286,"column":67},"end":{"line":298,"column":5}},"locations":[{"start":{"line":286,"column":67},"end":{"line":298,"column":5}}]},"72":{"type":"branch","line":294,"loc":{"start":{"line":294,"column":54},"end":{"line":296,"column":9}},"locations":[{"start":{"line":294,"column":54},"end":{"line":296,"column":9}}]},"73":{"type":"branch","line":290,"loc":{"start":{"line":290,"column":48},"end":{"line":290,"column":64}},"locations":[{"start":{"line":290,"column":48},"end":{"line":290,"column":64}}]},"74":{"type":"branch","line":301,"loc":{"start":{"line":301,"column":29},"end":{"line":413,"column":3}},"locations":[{"start":{"line":301,"column":29},"end":{"line":413,"column":3}}]},"75":{"type":"branch","line":302,"loc":{"start":{"line":302,"column":15},"end":{"line":305,"column":5}},"locations":[{"start":{"line":302,"column":15},"end":{"line":305,"column":5}}]},"76":{"type":"branch","line":307,"loc":{"start":{"line":307,"column":37},"end":{"line":315,"column":5}},"locations":[{"start":{"line":307,"column":37},"end":{"line":315,"column":5}}]},"77":{"type":"branch","line":317,"loc":{"start":{"line":317,"column":29},"end":{"line":322,"column":5}},"locations":[{"start":{"line":317,"column":29},"end":{"line":322,"column":5}}]},"78":{"type":"branch","line":324,"loc":{"start":{"line":324,"column":35},"end":{"line":338,"column":5}},"locations":[{"start":{"line":324,"column":35},"end":{"line":338,"column":5}}]},"79":{"type":"branch","line":326,"loc":{"start":{"line":326,"column":48},"end":{"line":326,"column":57}},"locations":[{"start":{"line":326,"column":48},"end":{"line":326,"column":57}}]},"80":{"type":"branch","line":331,"loc":{"start":{"line":331,"column":42},"end":{"line":331,"column":70}},"locations":[{"start":{"line":331,"column":42},"end":{"line":331,"column":70}}]},"81":{"type":"branch","line":332,"loc":{"start":{"line":332,"column":43},"end":{"line":332,"column":71}},"locations":[{"start":{"line":332,"column":43},"end":{"line":332,"column":71}}]},"82":{"type":"branch","line":340,"loc":{"start":{"line":340,"column":40},"end":{"line":350,"column":5}},"locations":[{"start":{"line":340,"column":40},"end":{"line":350,"column":5}}]},"83":{"type":"branch","line":347,"loc":{"start":{"line":347,"column":44},"end":{"line":347,"column":69}},"locations":[{"start":{"line":347,"column":44},"end":{"line":347,"column":69}}]},"84":{"type":"branch","line":352,"loc":{"start":{"line":352,"column":44},"end":{"line":366,"column":5}},"locations":[{"start":{"line":352,"column":44},"end":{"line":366,"column":5}}]},"85":{"type":"branch","line":361,"loc":{"start":{"line":361,"column":34},"end":{"line":361,"column":68}},"locations":[{"start":{"line":361,"column":34},"end":{"line":361,"column":68}}]},"86":{"type":"branch","line":368,"loc":{"start":{"line":368,"column":46},"end":{"line":412,"column":5}},"locations":[{"start":{"line":368,"column":46},"end":{"line":412,"column":5}}]},"87":{"type":"branch","line":400,"loc":{"start":{"line":400,"column":37},"end":{"line":400,"column":60}},"locations":[{"start":{"line":400,"column":37},"end":{"line":400,"column":60}}]},"88":{"type":"branch","line":401,"loc":{"start":{"line":401,"column":37},"end":{"line":401,"column":60}},"locations":[{"start":{"line":401,"column":37},"end":{"line":401,"column":60}}]},"89":{"type":"branch","line":415,"loc":{"start":{"line":415,"column":31},"end":{"line":503,"column":3}},"locations":[{"start":{"line":415,"column":31},"end":{"line":503,"column":3}}]},"90":{"type":"branch","line":416,"loc":{"start":{"line":416,"column":15},"end":{"line":419,"column":5}},"locations":[{"start":{"line":416,"column":15},"end":{"line":419,"column":5}}]},"91":{"type":"branch","line":421,"loc":{"start":{"line":421,"column":44},"end":{"line":432,"column":5}},"locations":[{"start":{"line":421,"column":44},"end":{"line":432,"column":5}}]},"92":{"type":"branch","line":423,"loc":{"start":{"line":423,"column":48},"end":{"line":423,"column":57}},"locations":[{"start":{"line":423,"column":48},"end":{"line":423,"column":57}}]},"93":{"type":"branch","line":428,"loc":{"start":{"line":428,"column":34},"end":{"line":428,"column":66}},"locations":[{"start":{"line":428,"column":34},"end":{"line":428,"column":66}}]},"94":{"type":"branch","line":431,"loc":{"start":{"line":431,"column":31},"end":{"line":431,"column":62}},"locations":[{"start":{"line":431,"column":31},"end":{"line":431,"column":62}}]},"95":{"type":"branch","line":434,"loc":{"start":{"line":434,"column":51},"end":{"line":445,"column":5}},"locations":[{"start":{"line":434,"column":51},"end":{"line":445,"column":5}}]},"96":{"type":"branch","line":436,"loc":{"start":{"line":436,"column":48},"end":{"line":436,"column":57}},"locations":[{"start":{"line":436,"column":48},"end":{"line":436,"column":57}}]},"97":{"type":"branch","line":443,"loc":{"start":{"line":443,"column":28},"end":{"line":443,"column":60}},"locations":[{"start":{"line":443,"column":28},"end":{"line":443,"column":60}}]},"98":{"type":"branch","line":447,"loc":{"start":{"line":447,"column":40},"end":{"line":459,"column":5}},"locations":[{"start":{"line":447,"column":40},"end":{"line":459,"column":5}}]},"99":{"type":"branch","line":449,"loc":{"start":{"line":449,"column":49},"end":{"line":449,"column":58}},"locations":[{"start":{"line":449,"column":49},"end":{"line":449,"column":58}}]},"100":{"type":"branch","line":455,"loc":{"start":{"line":455,"column":29},"end":{"line":455,"column":61}},"locations":[{"start":{"line":455,"column":29},"end":{"line":455,"column":61}}]},"101":{"type":"branch","line":461,"loc":{"start":{"line":461,"column":41},"end":{"line":471,"column":5}},"locations":[{"start":{"line":461,"column":41},"end":{"line":471,"column":5}}]},"102":{"type":"branch","line":463,"loc":{"start":{"line":463,"column":50},"end":{"line":463,"column":59}},"locations":[{"start":{"line":463,"column":50},"end":{"line":463,"column":59}}]},"103":{"type":"branch","line":468,"loc":{"start":{"line":468,"column":49},"end":{"line":468,"column":82}},"locations":[{"start":{"line":468,"column":49},"end":{"line":468,"column":82}}]},"104":{"type":"branch","line":470,"loc":{"start":{"line":470,"column":34},"end":{"line":470,"column":60}},"locations":[{"start":{"line":470,"column":34},"end":{"line":470,"column":60}}]},"105":{"type":"branch","line":473,"loc":{"start":{"line":473,"column":43},"end":{"line":484,"column":5}},"locations":[{"start":{"line":473,"column":43},"end":{"line":484,"column":5}}]},"106":{"type":"branch","line":475,"loc":{"start":{"line":475,"column":52},"end":{"line":475,"column":61}},"locations":[{"start":{"line":475,"column":52},"end":{"line":475,"column":61}}]},"107":{"type":"branch","line":481,"loc":{"start":{"line":481,"column":51},"end":{"line":481,"column":86}},"locations":[{"start":{"line":481,"column":51},"end":{"line":481,"column":86}}]},"108":{"type":"branch","line":483,"loc":{"start":{"line":483,"column":36},"end":{"line":483,"column":63}},"locations":[{"start":{"line":483,"column":36},"end":{"line":483,"column":63}}]},"109":{"type":"branch","line":486,"loc":{"start":{"line":486,"column":47},"end":{"line":502,"column":5}},"locations":[{"start":{"line":486,"column":47},"end":{"line":502,"column":5}}]},"110":{"type":"branch","line":488,"loc":{"start":{"line":488,"column":47},"end":{"line":488,"column":56}},"locations":[{"start":{"line":488,"column":47},"end":{"line":488,"column":56}}]},"111":{"type":"branch","line":498,"loc":{"start":{"line":498,"column":43},"end":{"line":498,"column":74}},"locations":[{"start":{"line":498,"column":43},"end":{"line":498,"column":74}}]},"112":{"type":"branch","line":505,"loc":{"start":{"line":505,"column":34},"end":{"line":587,"column":3}},"locations":[{"start":{"line":505,"column":34},"end":{"line":587,"column":3}}]},"113":{"type":"branch","line":506,"loc":{"start":{"line":506,"column":15},"end":{"line":509,"column":5}},"locations":[{"start":{"line":506,"column":15},"end":{"line":509,"column":5}}]},"114":{"type":"branch","line":511,"loc":{"start":{"line":511,"column":42},"end":{"line":525,"column":5}},"locations":[{"start":{"line":511,"column":42},"end":{"line":525,"column":5}}]},"115":{"type":"branch","line":513,"loc":{"start":{"line":513,"column":35},"end":{"line":513,"column":51}},"locations":[{"start":{"line":513,"column":35},"end":{"line":513,"column":51}}]},"116":{"type":"branch","line":519,"loc":{"start":{"line":519,"column":45},"end":{"line":519,"column":71}},"locations":[{"start":{"line":519,"column":45},"end":{"line":519,"column":71}}]},"117":{"type":"branch","line":527,"loc":{"start":{"line":527,"column":28},"end":{"line":539,"column":5}},"locations":[{"start":{"line":527,"column":28},"end":{"line":539,"column":5}}]},"118":{"type":"branch","line":529,"loc":{"start":{"line":529,"column":37},"end":{"line":529,"column":52}},"locations":[{"start":{"line":529,"column":37},"end":{"line":529,"column":52}}]},"119":{"type":"branch","line":535,"loc":{"start":{"line":535,"column":47},"end":{"line":535,"column":75}},"locations":[{"start":{"line":535,"column":47},"end":{"line":535,"column":75}}]},"120":{"type":"branch","line":541,"loc":{"start":{"line":541,"column":40},"end":{"line":552,"column":5}},"locations":[{"start":{"line":541,"column":40},"end":{"line":552,"column":5}}]},"121":{"type":"branch","line":549,"loc":{"start":{"line":549,"column":44},"end":{"line":549,"column":65}},"locations":[{"start":{"line":549,"column":44},"end":{"line":549,"column":65}}]},"122":{"type":"branch","line":554,"loc":{"start":{"line":554,"column":49},"end":{"line":576,"column":5}},"locations":[{"start":{"line":554,"column":49},"end":{"line":576,"column":5}}]},"123":{"type":"branch","line":559,"loc":{"start":{"line":559,"column":44},"end":{"line":559,"column":60}},"locations":[{"start":{"line":559,"column":44},"end":{"line":559,"column":60}}]},"124":{"type":"branch","line":568,"loc":{"start":{"line":568,"column":48},"end":{"line":568,"column":71}},"locations":[{"start":{"line":568,"column":48},"end":{"line":568,"column":71}}]},"125":{"type":"branch","line":569,"loc":{"start":{"line":569,"column":47},"end":{"line":569,"column":69}},"locations":[{"start":{"line":569,"column":47},"end":{"line":569,"column":69}}]},"126":{"type":"branch","line":578,"loc":{"start":{"line":578,"column":32},"end":{"line":586,"column":5}},"locations":[{"start":{"line":578,"column":32},"end":{"line":586,"column":5}}]},"127":{"type":"branch","line":589,"loc":{"start":{"line":589,"column":28},"end":{"line":716,"column":3}},"locations":[{"start":{"line":589,"column":28},"end":{"line":716,"column":3}}]},"128":{"type":"branch","line":590,"loc":{"start":{"line":590,"column":15},"end":{"line":593,"column":5}},"locations":[{"start":{"line":590,"column":15},"end":{"line":593,"column":5}}]},"129":{"type":"branch","line":595,"loc":{"start":{"line":595,"column":37},"end":{"line":603,"column":5}},"locations":[{"start":{"line":595,"column":37},"end":{"line":603,"column":5}}]},"130":{"type":"branch","line":605,"loc":{"start":{"line":605,"column":40},"end":{"line":636,"column":5}},"locations":[{"start":{"line":605,"column":40},"end":{"line":636,"column":5}}]},"131":{"type":"branch","line":629,"loc":{"start":{"line":629,"column":38},"end":{"line":629,"column":62}},"locations":[{"start":{"line":629,"column":38},"end":{"line":629,"column":62}}]},"132":{"type":"branch","line":638,"loc":{"start":{"line":638,"column":51},"end":{"li
[...]
"end":{"line":185,"column":132}},"185":{"start":{"line":186,"column":0},"end":{"line":186,"column":360}},"186":{"start":{"line":187,"column":0},"end":{"line":187,"column":26}},"187":{"start":{"line":188,"column":0},"end":{"line":188,"column":89}},"188":{"start":{"line":189,"column":0},"end":{"line":189,"column":22}},"191":{"start":{"line":192,"column":0},"end":{"line":192,"column":137}},"192":{"start":{"line":193,"column":0},"end":{"line":193,"column":32}},"193":{"start":{"line":194,"column":0},"end":{"line":194,"column":36}},"194":{"start":{"line":195,"column":0},"end":{"line":195,"column":59}},"195":{"start":{"line":196,"column":0},"end":{"line":196,"column":82}},"196":{"start":{"line":197,"column":0},"end":{"line":197,"column":50}},"197":{"start":{"line":198,"column":0},"end":{"line":198,"column":45}},"198":{"start":{"line":199,"column":0},"end":{"line":199,"column":33}},"199":{"start":{"line":200,"column":0},"end":{"line":200,"column":22}},"200":{"start":{"line":201,"column":0},"end":{"line":201,"column":32}},"201":{"start":{"line":202,"column":0},"end":{"line":202,"column":42}},"202":{"start":{"line":203,"column":0},"end":{"line":203,"column":65}},"203":{"start":{"line":204,"column":0},"end":{"line":204,"column":88}},"204":{"start":{"line":205,"column":0},"end":{"line":205,"column":50}},"205":{"start":{"line":206,"column":0},"end":{"line":206,"column":45}},"206":{"start":{"line":207,"column":0},"end":{"line":207,"column":33}},"207":{"start":{"line":208,"column":0},"end":{"line":208,"column":22}},"208":{"start":{"line":209,"column":0},"end":{"line":209,"column":33}},"209":{"start":{"line":210,"column":0},"end":{"line":210,"column":38}},"210":{"start":{"line":211,"column":0},"end":{"line":211,"column":61}},"211":{"start":{"line":212,"column":0},"end":{"line":212,"column":84}},"212":{"start":{"line":213,"column":0},"end":{"line":213,"column":50}},"213":{"start":{"line":214,"column":0},"end":{"line":214,"column":45}},"214":{"start":{"line":215,"column":0},"end":{"line":215,"column":33}},"215":{"start":{"line":216,"column":0},"end":{"line":216,"column":22}},"216":{"start":{"line":217,"column":0},"end":{"line":217,"column":22}},"219":{"start":{"line":220,"column":0},"end":{"line":220,"column":140}},"220":{"start":{"line":221,"column":0},"end":{"line":221,"column":32}},"221":{"start":{"line":222,"column":0},"end":{"line":222,"column":36}},"222":{"start":{"line":223,"column":0},"end":{"line":223,"column":55}},"223":{"start":{"line":224,"column":0},"end":{"line":224,"column":78}},"224":{"start":{"line":225,"column":0},"end":{"line":225,"column":50}},"225":{"start":{"line":226,"column":0},"end":{"line":226,"column":45}},"226":{"start":{"line":227,"column":0},"end":{"line":227,"column":33}},"227":{"start":{"line":228,"column":0},"end":{"line":228,"column":22}},"228":{"start":{"line":229,"column":0},"end":{"line":229,"column":33}},"229":{"start":{"line":230,"column":0},"end":{"line":230,"column":38}},"230":{"start":{"line":231,"column":0},"end":{"line":231,"column":356}},"231":{"start":{"line":232,"column":0},"end":{"line":232,"column":69}},"232":{"start":{"line":233,"column":0},"end":{"line":233,"column":92}},"233":{"start":{"line":234,"column":0},"end":{"line":234,"column":50}},"234":{"start":{"line":235,"column":0},"end":{"line":235,"column":45}},"235":{"start":{"line":236,"column":0},"end":{"line":236,"column":22}},"236":{"start":{"line":237,"column":0},"end":{"line":237,"column":33}},"237":{"start":{"line":238,"column":0},"end":{"line":238,"column":37}},"238":{"start":{"line":239,"column":0},"end":{"line":239,"column":320}},"239":{"start":{"line":240,"column":0},"end":{"line":240,"column":68}},"240":{"start":{"line":241,"column":0},"end":{"line":241,"column":91}},"241":{"start":{"line":242,"column":0},"end":{"line":242,"column":50}},"242":{"start":{"line":243,"column":0},"end":{"line":243,"column":45}},"243":{"start":{"line":244,"column":0},"end":{"line":244,"column":22}},"244":{"start":{"line":245,"column":0},"end":{"line":245,"column":33}},"245":{"start":{"line":246,"column":0},"end":{"line":246,"column":41}},"246":{"start":{"line":247,"column":0},"end":{"line":247,"column":360}},"247":{"start":{"line":248,"column":0},"end":{"line":248,"column":72}},"248":{"start":{"line":249,"column":0},"end":{"line":249,"column":95}},"249":{"start":{"line":250,"column":0},"end":{"line":250,"column":50}},"250":{"start":{"line":251,"column":0},"end":{"line":251,"column":45}},"251":{"start":{"line":252,"column":0},"end":{"line":252,"column":22}},"252":{"start":{"line":253,"column":0},"end":{"line":253,"column":33}},"253":{"start":{"line":254,"column":0},"end":{"line":254,"column":39}},"254":{"start":{"line":255,"column":0},"end":{"line":255,"column":255}},"255":{"start":{"line":256,"column":0},"end":{"line":256,"column":70}},"256":{"start":{"line":257,"column":0},"end":{"line":257,"column":93}},"257":{"start":{"line":258,"column":0},"end":{"line":258,"column":50}},"258":{"start":{"line":259,"column":0},"end":{"line":259,"column":45}},"259":{"start":{"line":260,"column":0},"end":{"line":260,"column":22}},"260":{"start":{"line":261,"column":0},"end":{"line":261,"column":22}},"263":{"start":{"line":264,"column":0},"end":{"line":264,"column":66}},"264":{"start":{"line":265,"column":0},"end":{"line":265,"column":47}},"265":{"start":{"line":266,"column":0},"end":{"line":266,"column":36}},"266":{"start":{"line":267,"column":0},"end":{"line":267,"column":37}},"267":{"start":{"line":268,"column":0},"end":{"line":268,"column":40}},"268":{"start":{"line":269,"column":0},"end":{"line":269,"column":56}},"269":{"start":{"line":270,"column":0},"end":{"line":270,"column":78}},"270":{"start":{"line":271,"column":0},"end":{"line":271,"column":53}},"271":{"start":{"line":272,"column":0},"end":{"line":272,"column":53}},"272":{"start":{"line":273,"column":0},"end":{"line":273,"column":49}},"273":{"start":{"line":274,"column":0},"end":{"line":274,"column":26}},"274":{"start":{"line":275,"column":0},"end":{"line":275,"column":23}},"275":{"start":{"line":276,"column":0},"end":{"line":276,"column":22}},"276":{"start":{"line":277,"column":0},"end":{"line":277,"column":19}},"277":{"start":{"line":278,"column":0},"end":{"line":278,"column":14}},"281":{"start":{"line":282,"column":0},"end":{"line":282,"column":83}},"282":{"start":{"line":283,"column":0},"end":{"line":283,"column":22}},"283":{"start":{"line":284,"column":0},"end":{"line":284,"column":160}},"284":{"start":{"line":285,"column":0},"end":{"line":285,"column":44}},"285":{"start":{"line":286,"column":0},"end":{"line":286,"column":89}},"286":{"start":{"line":287,"column":0},"end":{"line":287,"column":307}},"287":{"start":{"line":288,"column":0},"end":{"line":288,"column":81}},"288":{"start":{"line":289,"column":0},"end":{"line":289,"column":19}},"290":{"start":{"line":291,"column":0},"end":{"line":291,"column":39}},"291":{"start":{"line":292,"column":0},"end":{"line":292,"column":60}},"292":{"start":{"line":293,"column":0},"end":{"line":293,"column":24}},"293":{"start":{"line":294,"column":0},"end":{"line":294,"column":25}},"294":{"start":{"line":295,"column":0},"end":{"line":295,"column":38}},"295":{"start":{"line":296,"column":0},"end":{"line":296,"column":61}},"296":{"start":{"line":297,"column":0},"end":{"line":297,"column":47}},"297":{"start":{"line":298,"column":0},"end":{"line":298,"column":47}},"298":{"start":{"line":299,"column":0},"end":{"line":299,"column":50}},"299":{"start":{"line":300,"column":0},"end":{"line":300,"column":26}},"300":{"start":{"line":301,"column":0},"end":{"line":301,"column":117}},"302":{"start":{"line":303,"column":0},"end":{"line":303,"column":48}},"305":{"start":{"line":306,"column":0},"end":{"line":306,"column":45}},"306":{"start":{"line":307,"column":0},"end":{"line":307,"column":197}},"307":{"start":{"line":308,"column":0},"end":{"line":308,"column":47}},"308":{"start":{"line":309,"column":0},"end":{"line":309,"column":157}},"309":{"start":{"line":310,"column":0},"end":{"line":310,"column":112}},"310":{"start":{"line":311,"column":0},"end":{"line":311,"column":42}},"312":{"start":{"line":313,"column":0},"end":{"line":313,"column":105}},"314":{"start":{"line":315,"column":0},"end":{"line":315,"column":35}},"316":{"start":{"line":317,"column":0},"end":{"line":317,"column":26}},"318":{"start":{"line":319,"column":0},"end":{"line":319,"column":14}},"320":{"start":{"line":321,"column":0},"end":{"line":321,"column":13}},"323":{"start":{"line":324,"column":0},"end":{"line":324,"column":29}},"324":{"start":{"line":325,"column":0},"end":{"line":325,"column":128}},"325":{"start":{"line":326,"column":0},"end":{"line":326,"column":130}},"326":{"start":{"line":327,"column":0},"end":{"line":327,"column":98}},"328":{"start":{"line":329,"column":0},"end":{"line":329,"column":23}},"329":{"start":{"line":330,"column":0},"end":{"line":330,"column":74}},"330":{"start":{"line":331,"column":0},"end":{"line":331,"column":30}},"331":{"start":{"line":332,"column":0},"end":{"line":332,"column":67}},"332":{"start":{"line":333,"column":0},"end":{"line":333,"column":92}},"333":{"start":{"line":334,"column":0},"end":{"line":334,"column":23}},"335":{"start":{"line":336,"column":0},"end":{"line":336,"column":31}},"336":{"start":{"line":337,"column":0},"end":{"line":337,"column":30}},"337":{"start":{"line":338,"column":0},"end":{"line":338,"column":47}},"338":{"start":{"line":339,"column":0},"end":{"line":339,"column":91}},"339":{"start":{"line":340,"column":0},"end":{"line":340,"column":23}},"341":{"start":{"line":342,"column":0},"end":{"line":342,"column":31}},"342":{"start":{"line":343,"column":0},"end":{"line":343,"column":24}},"343":{"start":{"line":344,"column":0},"end":{"line":344,"column":20}},"344":{"start":{"line":345,"column":0},"end":{"line":345,"column":16}},"347":{"start":{"line":348,"column":0},"end":{"line":348,"column":10}},"349":{"start":{"line":350,"column":0},"end":{"line":350,"column":2}},"352":{"start":{"line":353,"column":0},"end":{"line":353,"column":245}},"353":{"start":{"line":354,"column":0},"end":{"line":354,"column":12}},"354":{"start":{"line":355,"column":0},"end":{"line":355,"column":25}},"355":{"start":{"line":356,"column":0},"end":{"line":356,"column":131}},"356":{"start":{"line":357,"column":0},"end":{"line":357,"column":57}},"358":{"start":{"line":359,"column":0},"end":{"line":359,"column":14}},"359":{"start":{"line":360,"column":0},"end":{"line":360,"column":51}},"360":{"start":{"line":361,"column":0},"end":{"line":361,"column":141}},"361":{"start":{"line":362,"column":0},"end":{"line":362,"column":13}},"364":{"start":{"line":365,"column":0},"end":{"line":365,"column":27}}},"s":{"0":0,"1":0,"2":0,"3":0,"4":0,"19":0,"20":0,"21":0,"22":0,"23":0,"26":0,"27":0,"28":0,"31":0,"32":0,"33":0,"34":0,"35":0,"36":0,"38":0,"39":0,"40":0,"42":0,"43":0,"44":0,"45":0,"47":0,"48":0,"50":0,"51":0,"54":0,"55":0,"57":0,"60":0,"63":0,"65":0,"66":0,"67":0,"71":0,"72":0,"73":0,"74":0,"75":0,"76":0,"78":0,"79":0,"80":0,"81":0,"82":0,"83":0,"84":0,"85":0,"86":0,"87":0,"88":0,"90":0,"91":0,"93":0,"94":0,"96":0,"97":0,"98":0,"100":0,"101":0,"102":0,"103":0,"105":0,"106":0,"107":0,"108":0,"109":0,"110":0,"111":0,"113":0,"114":0,"115":0,"116":0,"118":0,"119":0,"120":0,"121":0,"122":0,"123":0,"124":0,"127":0,"128":0,"129":0,"130":0,"132":0,"133":0,"136":0,"137":0,"138":0,"139":0,"140":0,"141":0,"142":0,"144":0,"145":0,"146":0,"147":0,"148":0,"150":0,"151":0,"152":0,"153":0,"154":0,"156":0,"157":0,"158":0,"159":0,"160":0,"161":0,"162":0,"163":0,"165":0,"166":0,"167":0,"169":0,"170":0,"171":0,"172":0,"173":0,"174":0,"176":0,"179":0,"180":0,"181":0,"183":0,"184":0,"185":0,"186":0,"187":0,"188":0,"191":0,"192":0,"193":0,"194":0,"195":0,"196":0,"197":0,"198":0,"199":0,"200":0,"201":0,"202":0,"203":0,"204":0,"205":0,"206":0,"207":0,"208":0,"209":0,"210":0,"211":0,"212":0,"213":0,"214":0,"215":0,"216":0,"219":0,"220":0,"221":0,"222":0,"223":0,"224":0,"225":0,"226":0,"227":0,"228":0,"229":0,"230":0,"231":0,"232":0,"233":0,"234":0,"235":0,"236":0,"237":0,"238":0,"239":0,"240":0,"241":0,"242":0,"243":0,"244":0,"245":0,"246":0,"247":0,"248":0,"249":0,"250":0,"251":0,"252":0,"253":0,"254":0,"255":0,"256":0,"257":0,"258":0,"259":0,"260":0,"263":0,"264":0,"265":0,"266":0,"267":0,"268":0,"269":0,"270":0,"271":0,"272":0,"273":0,"274":0,"275":0,"276":0,"277":0,"281":0,"282":0,"283":0,"284":0,"285":0,"286":0,"287":0,"288":0,"290":0,"291":0,"292":0,"293":0,"294":0,"295":0,"296":0,"297":0,"298":0,"299":0,"300":0,"302":0,"305":0,"306":0,"307":0,"308":0,"309":0,"310":0,"312":0,"314":0,"316":0,"318":0,"320":0,"323":0,"324":0,"325":0,"326":0,"328":0,"329":0,"330":0,"331":0,"332":0,"333":0,"335":0,"336":0,"337":0,"338":0,"339":0,"341":0,"342":0,"343":0,"344":0,"347":0,"349":0,"352":0,"353":0,"354":0,"355":0,"356":0,"358":0,"359":0,"360":0,"361":0,"364":0},"branchMap":{"0":{"type":"branch","line":1,"loc":{"start":{"line":1,"column":0},"end":{"line":365,"column":-6996}},"locations":[{"start":{"line":1,"column":0},"end":{"line":365,"column":-6996}}]}},"b":{"0":[0]},"fnMap":{"0":{"name":"(empty-report)","decl":{"start":{"line":1,"column":0},"end":{"line":365,"column":-6996}},"loc":{"start":{"line":1,"column":0},"end":{"line":365,"column":-6996}},"line":1}},"f":{"0":0}}
,"/home/runner/work/CLIPBOARD-pro-/CLIPBOARD-pro-/util/Constants.ts": {"path":"/home/runner/work/CLIPBOARD-pro-/CLIPBOARD-pro-/util/Constants.ts","all":false,"statementMap":{"0":{"start":{"line":1,"column":0},"end":{"line":1,"column":56}},"3":{"start":{"line":4,"column":0},"end":{"line":4,"column":29}},"4":{"start":{"line":5,"column":0},"end":{"line":5,"column":18}},"5":{"start":{"line":6,"column":0},"end":{"line":6,"column":19}},"6":{"start":{"line":7,"column":0},"end":{"line":7,"column":19}},"7":{"start":{"line":8,"column":0},"end":{"line":8,"column":22}},"8":{"start":{"line":9,"column":0},"end":{"line":9,"column":2}},"11":{"start":{"line":12,"column":0},"end":{"line":12,"column":56}},"12":{"start":{"line":13,"column":0},"end":{"line":13,"column":3}},"13":{"start":{"line":14,"column":0},"end":{"line":14,"column":12}},"14":{"start":{"line":15,"column":0},"end":{"line":15,"column":72}},"15":{"start":{"line":16,"column":0},"end":{"line":16,"column":29}},"16":{"start":{"line":17,"column":0},"end":{"line":17,"column":26}},"17":{"start":{"line":18,"column":0},"end":{"line":18,"column":35}},"18":{"start":{"line":19,"column":0},"end":{"line":19,"column":20}},"19":{"start":{"line":20,"column":0},"end":{"line":20,"column":19}},"20":{"start":{"line":21,"column":0},"end":{"line":21,"column":21}},"21":{"start":{"line":22,"column":0},"end":{"line":22,"column":21}},"22":{"start":{"line":23,"column":0},"end":{"line":23,"column":4}},"23":{"start":{"line":24,"column":0},"end":{"line":24,"column":3}},"24":{"start":{"line":25,"column":0},"end":{"line":25,"column":12}},"25":{"start":{"line":26,"column":0},"end":{"line":26,"column":66}},"26":{"start":{"line":27,"column":0},"end":{"line":27,"column":74}},"27":{"start":{"line":28,"column":0},"end":{"line":28,"column":31}},"28":{"start":{"line":29,"column":0},"end":{"line":29,"column":26}},"29":{"start":{"line":30,"column":0},"end":{"line":30,"column":35}},"30":{"start":{"line":31,"column":0},"end":{"line":31,"column":21}},"31":{"start":{"line":32,"column":0},"end":{"line":32,"column":20}},"32":{"start":{"line":33,"column":0},"end":{"line":33,"column":21}},"33":{"start":{"line":34,"column":0},"end":{"line":34,"column":21}},"34":{"start":{"line":35,"column":0},"end":{"line":35,"column":4}},"35":{"start":{"line":36,"column":0},"end":{"line":36,"column":3}},"36":{"start":{"line":37,"column":0},"end":{"line":37,"column":12}},"37":{"start":{"line":38,"column":0},"end":{"line":38,"column":38}},"38":{"start":{"line":39,"column":0},"end":{"line":39,"column":29}},"39":{"start":{"line":40,"column":0},"end":{"line":40,"column":26}},"40":{"start":{"line":41,"column":0},"end":{"line":41,"column":35}},"41":{"start":{"line":42,"column":0},"end":{"line":42,"column":21}},"42":{"start":{"line":43,"column":0},"end":{"line":43,"column":20}},"43":{"start":{"line":44,"column":0},"end":{"line":44,"column":22}},"44":{"start":{"line":45,"column":0},"end":{"line":45,"column":21}},"45":{"start":{"line":46,"column":0},"end":{"line":46,"column":4}},"46":{"start":{"line":47,"column":0},"end":{"line":47,"column":3}},"47":{"start":{"line":48,"column":0},"end":{"line":48,"column":12}},"48":{"start":{"line":49,"column":0},"end":{"line":49,"column":30}},"49":{"start":{"line":50,"column":0},"end":{"line":50,"column":30}},"50":{"start":{"line":51,"column":0},"end":{"line":51,"column":26}},"51":{"start":{"line":52,"column":0},"end":{"line":52,"column":35}},"52":{"start":{"line":53,"column":0},"end":{"line":53,"column":21}},"53":{"start":{"line":54,"column":0},"end":{"line":54,"column":20}},"54":{"start":{"line":55,"column":0},"end":{"line":55,"column":22}},"55":{"start":{"line":56,"column":0},"end":{"line":56,"column":21}},"56":{"start":{"line":57,"column":0},"end":{"line":57,"column":4}},"57":{"start":{"line":58,"column":0},"end":{"line":58,"column":3}},"58":{"start":{"line":59,"column":0},"end":{"line":59,"column":12}},"59":{"start":{"line":60,"column":0},"end":{"line":60,"column":81}},"60":{"start":{"line":61,"column":0},"end":{"line":61,"column":33}},"61":{"start":{"line":62,"column":0},"end":{"line":62,"column":26}},"62":{"start":{"line":63,"column":0},"end":{"line":63,"column":35}},"63":{"start":{"line":64,"column":0},"end":{"line":64,"column":21}},"64":{"start":{"line":65,"column":0},"end":{"line":65,"column":20}},"65":{"start":{"line":66,"column":0},"end":{"line":66,"column":22}},"66":{"start":{"line":67,"column":0},"end":{"line":67,"column":21}},"67":{"start":{"line":68,"column":0},"end":{"line":68,"column":4}},"68":{"start":{"line":69,"column":0},"end":{"line":69,"column":3}},"69":{"start":{"line":70,"column":0},"end":{"line":70,"column":12}},"70":{"start":{"line":71,"column":0},"end":{"line":71,"column":72}},"71":{"start":{"line":72,"column":0},"end":{"line":72,"column":29}},"72":{"start":{"line":73,"column":0},"end":{"line":73,"column":22}},"73":{"start":{"line":74,"column":0},"end":{"line":74,"column":35}},"74":{"start":{"line":75,"column":0},"end":{"line":75,"column":30}},"75":{"start":{"line":76,"column":0},"end":{"line":76,"column":20}},"76":{"start":{"line":77,"column":0},"end":{"line":77,"column":22}},"77":{"start":{"line":78,"column":0},"end":{"line":78,"column":21}},"78":{"start":{"line":79,"column":0},"end":{"line":79,"column":4}},"79":{"start":{"line":80,"column":0},"end":{"line":80,"column":3}},"80":{"start":{"line":81,"column":0},"end":{"line":81,"column":12}},"81":{"start":{"line":82,"column":0},"end":{"line":82,"column":64}},"82":{"start":{"line":83,"column":0},"end":{"line":83,"column":22}},"83":{"start":{"line":84,"column":0},"end":{"line":84,"column":29}},"84":{"start":{"line":85,"column":0},"end":{"line":85,"column":22}},"85":{"start":{"line":86,"column":0},"end":{"line":86,"column":35}},"86":{"start":{"line":87,"column":0},"end":{"line":87,"column":33}},"87":{"start":{"line":88,"column":0},"end":{"line":88,"column":19}},"88":{"start":{"line":89,"column":0},"end":{"line":89,"column":22}},"89":{"start":{"line":90,"column":0},"end":{"line":90,"column":21}},"90":{"start":{"line":91,"column":0},"end":{"line":91,"column":3}},"91":{"start":{"line":92,"column":0},"end":{"line":92,"column":2}}},"s":{"0":1,"3":1,"4":1,"5":1,"6":1,"7":1,"8":1,"11":1,"12":1,"13":1,"14":1,"15":1,"16":1,"17":1,"18":1,"19":1,"20":1,"21":1,"22":1,"23":1,"24":1,"25":1,"26":1,"27":1,"28":1,"29":1,"30":1,"31":1,"32":1,"33":1,"34":1,"35":1,"36":1,"37":1,"38":1,"39":1,"40":1,"41":1,"42":1,"43":1,"44":1,"45":1,"46":1,"47":1,"48":1,"49":1,"50":1,"51":1,"52":1,"53":1,"54":1,"55":1,"56":1,"57":1,"58":1,"59":1,"60":1,"61":1,"62":1,"63":1,"64":1,"65":1,"66":1,"67":1,"68":1,"69":1,"70":1,"71":1,"72":1,"73":1,"74":1,"75":1,"76":1,"77":1,"78":1,"79":1,"80":1,"81":1,"82":1,"83":1,"84":1,"85":1,"86":1,"87":1,"88":1,"89":1,"90":1,"91":1},"branchMap":{},"b":{},"fnMap":{},"f":{}}
}
